2018-11-24 21:14:01: 正在爬取公众号信息。。。
2018-11-24 21:14:02: 公众号id为：bbb
2018-11-24 21:14:02: 公众号名称：bbbbaye
2018-11-24 21:14:02: 数据已存在，忽略此次爬取.
2018-11-24 21:14:03: 公众号id为：ggg
2018-11-24 21:14:03: 公众号名称：Menggg
2018-11-24 21:14:03: 数据已存在，忽略此次爬取.
2018-11-24 21:14:04: 公众号id为：ccc
2018-11-24 21:14:04: 公众号名称：CCCEAT
2018-11-24 21:14:04: 数据已存在，忽略此次爬取.
2018-11-24 21:14:05: 公众号id为：dglgtw
2018-11-24 21:14:05: 公众号名称：莞工青年
2018-11-24 21:14:05: 数据已存在，忽略此次爬取.
2018-11-24 21:14:06: 公众号id为：guanqingluntan
2018-11-24 21:14:06: 公众号名称：莞工青年论坛
2018-11-24 21:14:06: 数据已存在，忽略此次爬取.
2018-11-24 21:14:07: 公众号id为：dutsmc
2018-11-24 21:14:07: 公众号名称：莞工学生媒体中心
2018-11-24 21:14:07: 数据已存在，忽略此次爬取.
2018-11-24 21:14:08: 公众号id为：TNTstreetdance
2018-11-24 21:14:08: 公众号名称：莞工街舞
2018-11-24 21:14:08: 数据已存在，忽略此次爬取.
2018-11-24 21:14:09: 公众号id为：DGUT_GGCY
2018-11-24 21:14:09: 公众号名称：莞工创业
2018-11-24 21:14:09: 数据已存在，忽略此次爬取.
2018-11-24 21:14:10: 公众号id为：dgutxn
2018-11-24 21:14:10: 公众号名称：莞工兴宁
2018-11-24 21:14:10: 数据已存在，忽略此次爬取.
2018-11-24 21:14:11: 公众号id为：ggxshwlb
2018-11-24 21:14:11: 公众号名称：莞工学生会外联部
2018-11-24 21:14:11: 数据已存在，忽略此次爬取.
2018-11-24 21:14:12: 公众号id为：ggrpfamily
2018-11-24 21:14:12: 公众号名称：莞工饶平
2018-11-24 21:14:12: 数据已存在，忽略此次爬取.
2018-11-24 21:14:13: 公众号id为：dgutkob
2018-11-24 21:14:13: 公众号名称：莞工KOB
2018-11-24 21:14:13: 数据已存在，忽略此次爬取.
2018-11-24 21:14:14: 公众号id为：dgutzb
2018-11-24 21:14:14: 公众号名称：莞工助班
2018-11-24 21:14:14: 数据已存在，忽略此次爬取.
2018-11-24 21:14:15: 公众号id为：dgutpx
2018-11-24 21:14:15: 公众号名称：莞工乒协
2018-11-24 21:14:15: 数据已存在，忽略此次爬取.
2018-11-24 21:14:16: 公众号id为：guangongkexie
2018-11-24 21:14:16: 公众号名称：莞工客协
2018-11-24 21:14:16: 数据已存在，忽略此次爬取.
2018-11-24 21:14:17: 公众号id为：dgutgreen
2018-11-24 21:14:17: 公众号名称：莞工绿协
2018-11-24 21:14:17: 数据已存在，忽略此次爬取.
2018-11-24 21:14:18: 公众号id为：yinzytravel
2018-11-24 21:14:18: 公众号名称：莞工印迹
2018-11-24 21:14:18: 数据已存在，忽略此次爬取.
2018-11-24 21:14:19: 公众号id为：DGUTTKD
2018-11-24 21:14:19: 公众号名称：莞工跆协
2018-11-24 21:14:19: 数据已存在，忽略此次爬取.
2018-11-24 21:14:20: 公众号id为：wailianjiating
2018-11-24 21:14:20: 公众号名称：莞工计算机外联部
2018-11-24 21:14:20: 数据已存在，忽略此次爬取.
2018-11-24 21:14:21: 公众号id为：ggsfxh
2018-11-24 21:14:21: 公众号名称：莞工书法协会
2018-11-24 21:14:21: 数据已存在，忽略此次爬取.
2018-11-24 21:14:22: 公众号id为：gh_93ff0d749e07
2018-11-24 21:14:22: 公众号名称：莞工HR
2018-11-24 21:14:22: 数据已存在，忽略此次爬取.
2018-11-24 21:14:23: 公众号id为：dgutnic
2018-11-24 21:14:23: 公众号名称：莞工网络中心
2018-11-24 21:14:23: 数据已存在，忽略此次爬取.
2018-11-24 21:14:24: 公众号id为：ggdxskjcxxx
2018-11-24 21:14:24: 公众号名称：莞工科协
2018-11-24 21:14:24: 数据已存在，忽略此次爬取.
2018-11-24 21:14:25: 公众号id为：ggdzzyz
2018-11-24 21:14:25: 公众号名称：莞工电智志愿站
2018-11-24 21:14:25: 数据已存在，忽略此次爬取.
2018-11-24 21:14:26: 公众号id为：dgutsyxh
2018-11-24 21:14:26: 公众号名称：莞工摄影
2018-11-24 21:14:26: 数据已存在，忽略此次爬取.
2018-11-24 21:14:27: 公众号id为：dgutsy
2018-11-24 21:14:27: 公众号名称：莞工师友电脑维修部
2018-11-24 21:14:27: 数据已存在，忽略此次爬取.
2018-11-24 21:14:27: 爬虫已完成任务 
2018-11-24 21:16:26: 正在爬取公众号信息。。。
2018-11-24 21:16:27: 公众号id为：bbb
2018-11-24 21:16:27: 公众号名称：bbbbaye
2018-11-24 21:16:27: 数据已存在，忽略此次爬取.
2018-11-24 21:16:28: 公众号id为：ggg
2018-11-24 21:16:28: 公众号名称：Menggg
2018-11-24 21:16:28: 数据已存在，忽略此次爬取.
2018-11-24 21:16:29: 公众号id为：ccc
2018-11-24 21:16:29: 公众号名称：CCCEAT
2018-11-24 21:16:29: 数据已存在，忽略此次爬取.
2018-11-24 21:16:30: 公众号id为：dglgtw
2018-11-24 21:16:30: 公众号名称：莞工青年
2018-11-24 21:16:30: 数据已存在，忽略此次爬取.
2018-11-24 21:16:31: 公众号id为：guanqingluntan
2018-11-24 21:16:31: 公众号名称：莞工青年论坛
2018-11-24 21:16:31: 数据已存在，忽略此次爬取.
2018-11-24 21:16:32: 公众号id为：dutsmc
2018-11-24 21:16:32: 公众号名称：莞工学生媒体中心
2018-11-24 21:16:32: 数据已存在，忽略此次爬取.
2018-11-24 21:16:33: 公众号id为：TNTstreetdance
2018-11-24 21:16:33: 公众号名称：莞工街舞
2018-11-24 21:16:33: 数据已存在，忽略此次爬取.
2018-11-24 21:16:34: 公众号id为：DGUT_GGCY
2018-11-24 21:16:34: 公众号名称：莞工创业
2018-11-24 21:16:34: 数据已存在，忽略此次爬取.
2018-11-24 21:16:35: 公众号id为：dgutxn
2018-11-24 21:16:35: 公众号名称：莞工兴宁
2018-11-24 21:16:35: 数据已存在，忽略此次爬取.
2018-11-24 21:16:36: 公众号id为：ggxshwlb
2018-11-24 21:16:36: 公众号名称：莞工学生会外联部
2018-11-24 21:16:36: 数据已存在，忽略此次爬取.
2018-11-24 21:16:37: 公众号id为：ggrpfamily
2018-11-24 21:16:37: 公众号名称：莞工饶平
2018-11-24 21:16:37: 数据已存在，忽略此次爬取.
2018-11-24 21:16:38: 公众号id为：dgutkob
2018-11-24 21:16:38: 公众号名称：莞工KOB
2018-11-24 21:16:38: 数据已存在，忽略此次爬取.
2018-11-24 21:16:39: 公众号id为：dgutzb
2018-11-24 21:16:39: 公众号名称：莞工助班
2018-11-24 21:16:39: 数据已存在，忽略此次爬取.
2018-11-24 21:16:40: 公众号id为：dgutpx
2018-11-24 21:16:40: 公众号名称：莞工乒协
2018-11-24 21:16:40: 数据已存在，忽略此次爬取.
2018-11-24 21:16:41: 公众号id为：guangongkexie
2018-11-24 21:16:41: 公众号名称：莞工客协
2018-11-24 21:16:41: 数据已存在，忽略此次爬取.
2018-11-24 21:16:42: 公众号id为：dgutgreen
2018-11-24 21:16:42: 公众号名称：莞工绿协
2018-11-24 21:16:42: 数据已存在，忽略此次爬取.
2018-11-24 21:16:43: 公众号id为：yinzytravel
2018-11-24 21:16:43: 公众号名称：莞工印迹
2018-11-24 21:16:43: 数据已存在，忽略此次爬取.
2018-11-24 21:16:44: 公众号id为：DGUTTKD
2018-11-24 21:16:44: 公众号名称：莞工跆协
2018-11-24 21:16:44: 数据已存在，忽略此次爬取.
2018-11-24 21:16:45: 公众号id为：wailianjiating
2018-11-24 21:16:45: 公众号名称：莞工计算机外联部
2018-11-24 21:16:45: 数据已存在，忽略此次爬取.
2018-11-24 21:16:46: 公众号id为：ggsfxh
2018-11-24 21:16:46: 公众号名称：莞工书法协会
2018-11-24 21:16:46: 数据已存在，忽略此次爬取.
2018-11-24 21:16:47: 公众号id为：gh_93ff0d749e07
2018-11-24 21:16:47: 公众号名称：莞工HR
2018-11-24 21:16:47: 数据已存在，忽略此次爬取.
2018-11-24 21:16:48: 公众号id为：dgutnic
2018-11-24 21:16:48: 公众号名称：莞工网络中心
2018-11-24 21:16:48: 数据已存在，忽略此次爬取.
2018-11-24 21:16:49: 公众号id为：ggdxskjcxxx
2018-11-24 21:16:49: 公众号名称：莞工科协
2018-11-24 21:16:49: 数据已存在，忽略此次爬取.
2018-11-24 21:16:50: 公众号id为：ggdzzyz
2018-11-24 21:16:50: 公众号名称：莞工电智志愿站
2018-11-24 21:16:50: 数据已存在，忽略此次爬取.
2018-11-24 21:16:51: 公众号id为：dgutsyxh
2018-11-24 21:16:51: 公众号名称：莞工摄影
2018-11-24 21:16:51: 数据已存在，忽略此次爬取.
2018-11-24 21:16:52: 公众号id为：dgutsy
2018-11-24 21:16:52: 公众号名称：莞工师友电脑维修部
2018-11-24 21:16:52: 数据已存在，忽略此次爬取.
2018-11-24 21:16:52: 爬虫已完成任务 
2018-11-24 21:18:32: 正在爬取公众号信息。。。
2018-11-24 21:18:33: 公众号id为：bbb
2018-11-24 21:18:33: 公众号名称：bbbbaye
2018-11-24 21:18:33: 数据已存在，忽略此次爬取.
2018-11-24 21:18:34: 公众号id为：ggg
2018-11-24 21:18:34: 公众号名称：Menggg
2018-11-24 21:18:34: 数据已存在，忽略此次爬取.
2018-11-24 21:18:35: 公众号id为：ccc
2018-11-24 21:18:35: 公众号名称：CCCEAT
2018-11-24 21:18:35: 数据已存在，忽略此次爬取.
2018-11-24 21:18:36: 公众号id为：dglgtw
2018-11-24 21:18:36: 公众号名称：莞工青年
2018-11-24 21:18:36: 数据已存在，忽略此次爬取.
2018-11-24 21:18:37: 公众号id为：guanqingluntan
2018-11-24 21:18:37: 公众号名称：莞工青年论坛
2018-11-24 21:18:37: 数据已存在，忽略此次爬取.
2018-11-24 21:18:38: 公众号id为：dutsmc
2018-11-24 21:18:38: 公众号名称：莞工学生媒体中心
2018-11-24 21:18:38: 数据已存在，忽略此次爬取.
2018-11-24 21:18:39: 公众号id为：TNTstreetdance
2018-11-24 21:18:39: 公众号名称：莞工街舞
2018-11-24 21:18:39: 数据已存在，忽略此次爬取.
2018-11-24 21:18:40: 公众号id为：DGUT_GGCY
2018-11-24 21:18:40: 公众号名称：莞工创业
2018-11-24 21:18:40: 数据已存在，忽略此次爬取.
2018-11-24 21:18:41: 公众号id为：dgutxn
2018-11-24 21:18:41: 公众号名称：莞工兴宁
2018-11-24 21:18:41: 数据已存在，忽略此次爬取.
2018-11-24 21:18:42: 公众号id为：ggxshwlb
2018-11-24 21:18:42: 公众号名称：莞工学生会外联部
2018-11-24 21:18:42: 数据已存在，忽略此次爬取.
2018-11-24 21:18:43: 公众号id为：ggrpfamily
2018-11-24 21:18:43: 公众号名称：莞工饶平
2018-11-24 21:18:43: 数据已存在，忽略此次爬取.
2018-11-24 21:18:44: 公众号id为：dgutkob
2018-11-24 21:18:44: 公众号名称：莞工KOB
2018-11-24 21:18:44: 数据已存在，忽略此次爬取.
2018-11-24 21:18:45: 公众号id为：dgutzb
2018-11-24 21:18:45: 公众号名称：莞工助班
2018-11-24 21:18:45: 数据已存在，忽略此次爬取.
2018-11-24 21:18:46: 公众号id为：dgutpx
2018-11-24 21:18:46: 公众号名称：莞工乒协
2018-11-24 21:18:46: 数据已存在，忽略此次爬取.
2018-11-24 21:18:47: 公众号id为：guangongkexie
2018-11-24 21:18:47: 公众号名称：莞工客协
2018-11-24 21:18:47: 数据已存在，忽略此次爬取.
2018-11-24 21:18:48: 公众号id为：dgutgreen
2018-11-24 21:18:48: 公众号名称：莞工绿协
2018-11-24 21:18:48: 数据已存在，忽略此次爬取.
2018-11-24 21:18:49: 公众号id为：yinzytravel
2018-11-24 21:18:49: 公众号名称：莞工印迹
2018-11-24 21:18:49: 数据已存在，忽略此次爬取.
2018-11-24 21:18:50: 公众号id为：DGUTTKD
2018-11-24 21:18:50: 公众号名称：莞工跆协
2018-11-24 21:18:50: 数据已存在，忽略此次爬取.
2018-11-24 21:18:51: 公众号id为：wailianjiating
2018-11-24 21:18:51: 公众号名称：莞工计算机外联部
2018-11-24 21:18:51: 数据已存在，忽略此次爬取.
2018-11-24 21:18:52: 公众号id为：ggsfxh
2018-11-24 21:18:52: 公众号名称：莞工书法协会
2018-11-24 21:18:52: 数据已存在，忽略此次爬取.
2018-11-24 21:18:53: 公众号id为：gh_93ff0d749e07
2018-11-24 21:18:53: 公众号名称：莞工HR
2018-11-24 21:18:53: 数据已存在，忽略此次爬取.
2018-11-24 21:18:54: 公众号id为：dgutnic
2018-11-24 21:18:54: 公众号名称：莞工网络中心
2018-11-24 21:18:54: 数据已存在，忽略此次爬取.
2018-11-24 21:18:55: 公众号id为：ggdxskjcxxx
2018-11-24 21:18:55: 公众号名称：莞工科协
2018-11-24 21:18:55: 数据已存在，忽略此次爬取.
2018-11-24 21:18:56: 公众号id为：ggdzzyz
2018-11-24 21:18:56: 公众号名称：莞工电智志愿站
2018-11-24 21:18:56: 数据已存在，忽略此次爬取.
2018-11-24 21:18:57: 公众号id为：dgutsyxh
2018-11-24 21:18:57: 公众号名称：莞工摄影
2018-11-24 21:18:57: 数据已存在，忽略此次爬取.
2018-11-24 21:18:58: 公众号id为：dgutsy
2018-11-24 21:18:58: 公众号名称：莞工师友电脑维修部
2018-11-24 21:18:58: 数据已存在，忽略此次爬取.
2018-11-24 21:18:58: 爬虫已完成任务 
2018-11-24 22:05:27: 正在爬取公众号信息。。。
2018-11-24 22:05:28: 公众号id为：dglgtw
2018-11-24 22:05:28: 公众号名称：莞工青年
2018-11-24 22:05:28: 数据已存在，忽略此次爬取.
2018-11-24 22:05:29: 公众号id为：guanqingluntan
2018-11-24 22:05:29: 公众号名称：莞工青年论坛
2018-11-24 22:05:29: 数据已存在，忽略此次爬取.
2018-11-24 22:05:30: 公众号id为：dutsmc
2018-11-24 22:05:30: 公众号名称：莞工学生媒体中心
2018-11-24 22:05:30: 数据已存在，忽略此次爬取.
2018-11-24 22:05:31: 公众号id为：TNTstreetdance
2018-11-24 22:05:31: 公众号名称：莞工街舞
2018-11-24 22:05:31: 数据已存在，忽略此次爬取.
2018-11-24 22:05:32: 公众号id为：DGUT_GGCY
2018-11-24 22:05:32: 公众号名称：莞工创业
2018-11-24 22:05:32: 数据已存在，忽略此次爬取.
2018-11-24 22:05:33: 公众号id为：dgutxn
2018-11-24 22:05:33: 公众号名称：莞工兴宁
2018-11-24 22:05:33: 数据已存在，忽略此次爬取.
2018-11-24 22:05:34: 公众号id为：ggxshwlb
2018-11-24 22:05:34: 公众号名称：莞工学生会外联部
2018-11-24 22:05:34: 数据已存在，忽略此次爬取.
2018-11-24 22:05:35: 公众号id为：ggrpfamily
2018-11-24 22:05:35: 公众号名称：莞工饶平
2018-11-24 22:05:35: 数据已存在，忽略此次爬取.
2018-11-24 22:05:36: 公众号id为：dgutkob
2018-11-24 22:05:36: 公众号名称：莞工KOB
2018-11-24 22:05:36: 数据已存在，忽略此次爬取.
2018-11-24 22:05:37: 公众号id为：dgutzb
2018-11-24 22:05:37: 公众号名称：莞工助班
2018-11-24 22:05:37: 数据已存在，忽略此次爬取.
2018-11-24 22:05:38: 公众号id为：dgutpx
2018-11-24 22:05:38: 公众号名称：莞工乒协
2018-11-24 22:05:38: 数据已存在，忽略此次爬取.
2018-11-24 22:05:39: 公众号id为：guangongkexie
2018-11-24 22:05:39: 公众号名称：莞工客协
2018-11-24 22:05:39: 数据已存在，忽略此次爬取.
2018-11-24 22:05:40: 公众号id为：dgutgreen
2018-11-24 22:05:40: 公众号名称：莞工绿协
2018-11-24 22:05:40: 数据已存在，忽略此次爬取.
2018-11-24 22:05:41: 公众号id为：yinzytravel
2018-11-24 22:05:41: 公众号名称：莞工印迹
2018-11-24 22:05:41: 数据已存在，忽略此次爬取.
2018-11-24 22:05:42: 公众号id为：DGUTTKD
2018-11-24 22:05:42: 公众号名称：莞工跆协
2018-11-24 22:05:42: 数据已存在，忽略此次爬取.
2018-11-24 22:05:43: 公众号id为：wailianjiating
2018-11-24 22:05:43: 公众号名称：莞工计算机外联部
2018-11-24 22:05:43: 数据已存在，忽略此次爬取.
2018-11-24 22:05:44: 公众号id为：ggsfxh
2018-11-24 22:05:44: 公众号名称：莞工书法协会
2018-11-24 22:05:44: 数据已存在，忽略此次爬取.
2018-11-24 22:05:45: 公众号id为：gh_93ff0d749e07
2018-11-24 22:05:45: 公众号名称：莞工HR
2018-11-24 22:05:45: 数据已存在，忽略此次爬取.
2018-11-24 22:05:46: 公众号id为：dgutnic
2018-11-24 22:05:46: 公众号名称：莞工网络中心
2018-11-24 22:05:46: 数据已存在，忽略此次爬取.
2018-11-24 22:05:47: 公众号id为：ggdxskjcxxx
2018-11-24 22:05:47: 公众号名称：莞工科协
2018-11-24 22:05:47: 数据已存在，忽略此次爬取.
2018-11-24 22:05:48: 公众号id为：ggdzzyz
2018-11-24 22:05:48: 公众号名称：莞工电智志愿站
2018-11-24 22:05:48: 数据已存在，忽略此次爬取.
2018-11-24 22:05:49: 公众号id为：dgutsyxh
2018-11-24 22:05:49: 公众号名称：莞工摄影
2018-11-24 22:05:49: 数据已存在，忽略此次爬取.
2018-11-24 22:05:50: 公众号id为：dgutsy
2018-11-24 22:05:50: 公众号名称：莞工师友电脑维修部
2018-11-24 22:05:50: 数据已存在，忽略此次爬取.
2018-11-24 22:05:50: 爬虫已完成任务 
2018-11-25 15:38:06: ȡںϢ
2018-11-25 15:38:07: ںidΪdglgtw
2018-11-25 15:38:18: ںƣݸ
2018-11-25 15:38:18: ںurlhttp://mp.weixin.qq.com/profile?src=3&timestamp=1543131488&ver=1&signature=hDj04Y3QJZW7XJDcdLikHSJ1uDXa0SJERiybkuBSBHb6rzGkH*-fXJ6wM9QcqQRs0V63P5Bct5bNrZefjpQW4A==
2018-11-25 15:38:18: ͷurlhttp://wx.qlogo.cn/mmhead/Q3auHgzwzM79awRPLOY1NalceqauH4uJkcDHH4x1zob2fMo7DQ9ibiaQ/0
2018-11-25 15:38:18: ɹ
2018-11-25 15:38:19: ںidΪguanqingluntan
2018-11-25 15:38:30: ںƣݸ̳
2018-11-25 15:38:30: ںurlhttp://mp.weixin.qq.com/profile?src=3&timestamp=1543131500&ver=1&signature=Mfw4IOR-pmBUBwzu6Sgf5gcRFRbg-bOzcx*l9R1lx88n04nxqLjhRHH7F*SzC9UgDD7*T2Y31pAKLdRaU4IOuQ==
2018-11-25 15:38:30: ͷurlhttp://wx.qlogo.cn/mmhead/Q3auHgzwzM68swmUChdRI2ic0cvMBflUg8Tp8CNvicppeNmmM9liaofzA/0
2018-11-25 15:38:31: ɹ
2018-11-25 15:38:32: ںidΪdutsmc
2018-11-25 15:38:39: ںƣݸѧý
2018-11-25 15:38:39: ںurlhttp://mp.weixin.qq.com/profile?src=3&timestamp=1543131512&ver=1&signature=7ngfHXf3y1ZvVDqkeyPt9T33nwWSUcO*L6YMgd5iSzwjDj2AaMjw1adpZlrIxGTX30Pbwm7CxoTgQWWzrh7Qcg==
2018-11-25 15:38:39: ͷurlhttp://wx.qlogo.cn/mmhead/Q3auHgzwzM46icIicE38692icLYlUabib52H1mYTrwMrN1ibnMuE0oCV9Pg/0
2018-11-25 15:38:40: ɹ
2018-11-25 15:38:41: ںidΪTNTstreetdance
2018-11-25 15:38:46: ںƣݸ
2018-11-25 15:38:46: ںurlhttp://mp.weixin.qq.com/profile?src=3&timestamp=1543131521&ver=1&signature=eLJVCvrWz1LIh6EzDbNENIjSDOvERuZwvD1N8*72MyQG*h0EVK9FzN4jEy8iNdVTzd90AVbfWsN8gTdGfQ*lLQ==
2018-11-25 15:38:46: ͷurlhttp://wx.qlogo.cn/mmhead/Q3auHgzwzM6ia7VPm5Tuyx8YyF3e8ZLvxVr2iaJEHdzAN0iaVJtR9Ps7Q/0
2018-11-25 15:38:47: ɹ
2018-11-25 15:39:45: ȡںϢ
2018-11-25 15:39:46: ںidΪdglgtw
2018-11-25 15:39:46: ںƣݸ
2018-11-25 15:39:46: ѴڣԴ˴ȡ.
2018-11-25 15:39:46:  
2018-11-25 17:49:24: ȡںϢ
2018-11-25 17:49:25: ںidΪdglgtw
2018-11-25 17:49:34: ںƣݸ
2018-11-25 17:49:34: ںurlhttp://mp.weixin.qq.com/profile?src=3&timestamp=1543139366&ver=1&signature=hDj04Y3QJZW7XJDcdLikHSJ1uDXa0SJERiybkuBSBHb6rzGkH*-fXJ6wM9QcqQRs0qzygKcZnzolRsdXYC9jdQ==
2018-11-25 17:49:34: ͷurlhttp://wx.qlogo.cn/mmhead/Q3auHgzwzM79awRPLOY1NalceqauH4uJkcDHH4x1zob2fMo7DQ9ibiaQ/0
2018-11-25 17:49:34: ɹ
2018-11-25 17:49:34:  
2018-11-25 17:50:56: ȡںϢ
2018-11-25 17:50:57: ںidΪdglgtw
2018-11-25 17:50:57: ںƣݸ
2018-11-25 17:50:57: ѴڣԴ˴ȡ.
2018-11-25 17:50:57:  
2018-11-25 17:52:52: ȡںϢ
2018-11-25 17:52:53: ںidΪdglgtw
2018-11-25 17:52:53: ںƣݸ
2018-11-25 17:52:53: ѴڣԴ˴ȡ.
2018-11-25 17:52:53:  
2018-11-25 17:58:56: ȡںϢ
2018-11-25 17:58:57: ںidΪdglgtw
2018-11-25 17:58:57: ںƣݸ
2018-11-25 17:58:57: ѴڣԴ˴ȡ.
2018-11-25 17:58:57:  
2018-11-25 19:52:14: ȡںϢ
2018-11-25 19:52:15: ںidΪdglgtw
2018-11-25 19:52:32: ںƣݸ
2018-11-25 19:52:32: ںurlhttp://mp.weixin.qq.com/profile?src=3&timestamp=1543146735&ver=1&signature=hDj04Y3QJZW7XJDcdLikHSJ1uDXa0SJERiybkuBSBHb6rzGkH*-fXJ6wM9QcqQRs87J0Bobs4-wezKyoKHu4rA==
2018-11-25 19:52:32: ͷurlhttp://wx.qlogo.cn/mmhead/Q3auHgzwzM79awRPLOY1NalceqauH4uJkcDHH4x1zob2fMo7DQ9ibiaQ/0
2018-11-25 19:52:32: ɹ
2018-11-25 19:52:32:  
2018-11-25 20:37:04: ȡںϢ
2018-11-25 20:37:05: ںidΪdglgtw
2018-11-25 20:37:22: ںƣݸ
2018-11-25 20:37:22: ںurlhttp://mp.weixin.qq.com/profile?src=3&timestamp=1543149433&ver=1&signature=hDj04Y3QJZW7XJDcdLikHSJ1uDXa0SJERiybkuBSBHb6rzGkH*-fXJ6wM9QcqQRsjb01hAMsvyfKAV3beZz*2Q==
2018-11-25 20:37:22: ͷurlhttp://wx.qlogo.cn/mmhead/Q3auHgzwzM79awRPLOY1NalceqauH4uJkcDHH4x1zob2fMo7DQ9ibiaQ/0
2018-11-25 20:37:22: ɹ
2018-11-25 20:37:22:  
2018-11-25 22:32:17: ȡںϢ
2018-11-25 22:32:18: ںidΪdglgtw
2018-11-25 22:32:31: ںƣݸ
2018-11-25 22:32:31: ںurlhttp://mp.weixin.qq.com/profile?src=3&timestamp=1543156338&ver=1&signature=hDj04Y3QJZW7XJDcdLikHSJ1uDXa0SJERiybkuBSBHb6rzGkH*-fXJ6wM9QcqQRshQAgiNXa0K1MkScxq44gbQ==
2018-11-25 22:32:31: ͷurlhttp://wx.qlogo.cn/mmhead/Q3auHgzwzM79awRPLOY1NalceqauH4uJkcDHH4x1zob2fMo7DQ9ibiaQ/0
2018-11-25 22:32:31: ɹ
2018-11-25 22:32:31:  
2018-11-26 17:59:55: ȡںϢ
2018-11-26 17:59:56: ںidΪdglgtw
2018-11-26 17:59:56: ںƣݸ
2018-11-26 17:59:56: ѴڣԴ˴ȡ.
2018-11-26 17:59:56:  
2018-11-26 18:02:10: ȡںϢ
2018-11-26 18:02:11: ںidΪdglgtw
2018-11-26 18:02:17: ںƣݸ
2018-11-26 18:02:17: ںurlhttp://mp.weixin.qq.com/profile?src=3&timestamp=1543226531&ver=1&signature=hDj04Y3QJZW7XJDcdLikHSJ1uDXa0SJERiybkuBSBHb6rzGkH*-fXJ6wM9QcqQRsCmXCaN*4QWowy5Rb92qHNg==
2018-11-26 18:02:17: ͷurlhttp://wx.qlogo.cn/mmhead/Q3auHgzwzM79awRPLOY1NalceqauH4uJkcDHH4x1zob2fMo7DQ9ibiaQ/0
2018-11-26 18:02:18: ɹ
2018-11-26 18:02:18:  
2018-11-26 18:13:26: ȡںϢ
2018-11-26 18:13:27: ںidΪdglgtw
2018-11-26 18:13:35: ںƣݸ
2018-11-26 18:13:35: ںurlhttp://mp.weixin.qq.com/profile?src=3&timestamp=1543227207&ver=1&signature=hDj04Y3QJZW7XJDcdLikHSJ1uDXa0SJERiybkuBSBHb6rzGkH*-fXJ6wM9QcqQRsZqptZZEt25RxzWOPhkLCiA==
2018-11-26 18:13:35: ͷurlhttp://wx.qlogo.cn/mmhead/Q3auHgzwzM79awRPLOY1NalceqauH4uJkcDHH4x1zob2fMo7DQ9ibiaQ/0
2018-11-26 18:13:35: ɹ
2018-11-26 18:13:35:  
2018-11-27 10:07:11: ȡںϢ
2018-11-27 10:07:13: ںidΪdglgtw
2018-11-27 10:07:13: ںƣݸ
2018-11-27 10:07:13: ѴڣԴ˴ȡ.
2018-11-27 10:07:14: ںidΪdglgxyxsh
2018-11-27 10:07:20: ںƣݸѧ
2018-11-27 10:07:20: ںurlhttp://mp.weixin.qq.com/profile?src=3&timestamp=1543284433&ver=1&signature=wtJFX85bF4DcYug7mBBV5gqRt6X01ZvUde3Uf5BwGzBhCF8H*rNHRzLZm79oDFFmWi*uhygS8LSXDXN8WR7tKQ==
2018-11-27 10:07:20: ͷurlhttp://wx.qlogo.cn/mmhead/Q3auHgzwzM7xxJWy4IibE7EjucUWh2Pm0DeZuBpoSEz8OgVbTQhkFCQ/0
2018-11-27 10:07:21: ɹ
2018-11-27 10:07:21:  
2018-11-28 22:01:57: ȡںϢ
2018-11-28 22:02:04: ȡںϢ
2018-11-28 22:09:59: ȡںϢ
2018-11-28 22:11:09: ȡںϢ
2018-11-28 22:18:29: ȡںϢ
2018-11-28 22:22:58: ȡںϢ
2018-11-28 22:24:07: ȡںϢ
2018-11-28 22:24:53: ȡںϢ
2018-11-28 22:25:55: ȡںϢ
2018-11-28 22:28:39: ȡںϢ
2018-11-28 22:28:40: ںidΪ
2018-11-28 22:29:18: ȡںϢ
2018-11-28 22:29:19: ںidΪdglgxyxsh
2018-11-28 22:34:18: ȡںϢ
2018-11-28 22:34:19: ںidΪdglgxyxsh
2018-11-28 22:36:10: ȡںϢ
2018-11-28 22:36:11: ںidΪdglgxyxsh
2018-11-28 22:37:12: ȡںϢ
2018-11-28 22:37:13: ںidΪdglgxyxsh
2018-11-28 22:37:38: ȡںϢ
2018-11-28 22:37:39: ںidΪdglgxyxsh
2018-11-28 22:44:06: ȡںϢ
2018-11-28 22:44:07: ںidΪdglgxyxsh
2018-11-28 22:45:55: ȡںϢ
2018-11-28 22:45:56: ںidΪdglgxyxsh
2018-11-28 22:48:40: ȡںϢ
2018-11-28 22:48:41: ںidΪdglgxyxsh
2018-11-28 23:05:14: ȡںϢ
2018-11-28 23:05:15: ںidΪdglgxyxsh
2018-11-29 08:15:30: ȡںϢ
2018-11-29 08:15:31: ںidΪdglgxyxsh
2018-11-29 08:15:52: ȡںϢ
2018-11-29 08:15:53: ںidΪdglgxyxsh
2018-11-29 08:16:03: ںƣݸѧ
2018-11-29 08:16:03: ںurlhttp://mp.weixin.qq.com/profile?src=3&timestamp=1543450556&ver=1&signature=wtJFX85bF4DcYug7mBBV5gqRt6X01ZvUde3Uf5BwGzBhCF8H*rNHRzLZm79oDFFmJmLeW4Wqj779IRRJRnLUAg==
2018-11-29 08:16:03: ͷurlhttp://wx.qlogo.cn/mmhead/Q3auHgzwzM7xxJWy4IibE7EjucUWh2Pm0DeZuBpoSEz8OgVbTQhkFCQ/0
2018-11-29 08:16:04: ɹ
2018-11-29 08:16:04: ⲻɹ
2018-11-29 08:16:04:  
2018-11-29 08:23:16: ȡںϢ
2018-11-29 08:23:17: ںidΪdglgxyxsh
2018-11-29 08:23:23: ںƣݸѧ
2018-11-29 08:23:23: ںurlhttp://mp.weixin.qq.com/profile?src=3&timestamp=1543450997&ver=1&signature=wtJFX85bF4DcYug7mBBV5gqRt6X01ZvUde3Uf5BwGzBhCF8H*rNHRzLZm79oDFFmXEckD8IiILQJ9EWzjHYM1A==
2018-11-29 08:23:23: ͷurlhttp://wx.qlogo.cn/mmhead/Q3auHgzwzM7xxJWy4IibE7EjucUWh2Pm0DeZuBpoSEz8OgVbTQhkFCQ/0
2018-11-29 08:23:23: ɹ
2018-11-29 08:23:23:  
2018-11-29 08:24:41: ȡںϢ
2018-11-29 08:24:42: ںidΪdglgxyxsh
2018-11-29 08:24:42: ںƣݸѧ
2018-11-29 08:24:42: ѴڣԴ˴ȡ.
2018-11-29 08:24:42:  
2018-11-29 08:25:27: ȡںϢ
2018-11-29 08:25:28: ںidΪdglgtw
2018-11-29 08:25:34: ںƣݸ
2018-11-29 08:25:34: ںurlhttp://mp.weixin.qq.com/profile?src=3&timestamp=1543451129&ver=1&signature=hDj04Y3QJZW7XJDcdLikHSJ1uDXa0SJERiybkuBSBHb6rzGkH*-fXJ6wM9QcqQRs5-rsn17l9C5M0FayGEAGkQ==
2018-11-29 08:25:34: ͷurlhttp://wx.qlogo.cn/mmhead/Q3auHgzwzM79awRPLOY1NalceqauH4uJkcDHH4x1zob2fMo7DQ9ibiaQ/0
2018-11-29 08:25:35: ɹ
2018-11-29 08:25:35:  
2018-11-29 08:26:54: ȡںϢ
2018-11-29 08:26:55: ںidΪdglgtw
2018-11-29 08:27:01: ںƣݸ
2018-11-29 08:27:01: ںurlhttp://mp.weixin.qq.com/profile?src=3&timestamp=1543451215&ver=1&signature=hDj04Y3QJZW7XJDcdLikHSJ1uDXa0SJERiybkuBSBHb6rzGkH*-fXJ6wM9QcqQRsbmT1L8xC85SEP5YU1k9iFw==
2018-11-29 08:27:01: ͷurlhttp://wx.qlogo.cn/mmhead/Q3auHgzwzM79awRPLOY1NalceqauH4uJkcDHH4x1zob2fMo7DQ9ibiaQ/0
2018-11-29 08:27:01: ɹ
2018-11-29 08:27:01: ⲻɹ
2018-11-29 08:27:01:  
2018-11-29 08:31:57: ȡںϢ
2018-11-29 08:31:58: ںidΪdglgxyxsh
2018-11-29 08:32:08: ںƣݸѧ
2018-11-29 08:32:08: ںurlhttp://mp.weixin.qq.com/profile?src=3&timestamp=1543451521&ver=1&signature=wtJFX85bF4DcYug7mBBV5gqRt6X01ZvUde3Uf5BwGzBhCF8H*rNHRzLZm79oDFFmieYOlI0RtYrORT1oJ-oGyQ==
2018-11-29 08:32:08: ͷurlhttp://wx.qlogo.cn/mmhead/Q3auHgzwzM7xxJWy4IibE7EjucUWh2Pm0DeZuBpoSEz8OgVbTQhkFCQ/0
2018-11-29 08:32:08: ɹ
2018-11-29 08:32:08: ⲻɹ
2018-11-29 08:32:08:  
2018-11-29 08:34:49: ȡںϢ
2018-11-29 08:34:50: ںidΪdglgxyxsh
2018-11-29 08:34:57: ںƣݸѧ
2018-11-29 08:34:57: ںurlhttp://mp.weixin.qq.com/profile?src=3&timestamp=1543451691&ver=1&signature=wtJFX85bF4DcYug7mBBV5gqRt6X01ZvUde3Uf5BwGzBhCF8H*rNHRzLZm79oDFFm2V20LlLcF64UzxtViQnCJg==
2018-11-29 08:34:57: ͷurlhttp://wx.qlogo.cn/mmhead/Q3auHgzwzM7xxJWy4IibE7EjucUWh2Pm0DeZuBpoSEz8OgVbTQhkFCQ/0
2018-11-29 08:34:58: ݿϢɹ
2018-11-29 08:34:58:  
2018-11-29 08:43:51: ȡںϢ
2018-11-29 08:43:52: ںidΪdglgtw
2018-11-29 08:44:00: ںƣݸ
2018-11-29 08:44:00: ںurlhttp://mp.weixin.qq.com/profile?src=3&timestamp=1543452233&ver=1&signature=hDj04Y3QJZW7XJDcdLikHSJ1uDXa0SJERiybkuBSBHb6rzGkH*-fXJ6wM9QcqQRssCqP6ZyEG*5hIXy5eVUpEg==
2018-11-29 08:44:00: ͷurlhttp://wx.qlogo.cn/mmhead/Q3auHgzwzM79awRPLOY1NalceqauH4uJkcDHH4x1zob2fMo7DQ9ibiaQ/0
2018-11-29 08:44:01: ݿϢɹ
2018-11-29 08:44:01:  
2018-11-29 08:45:17: ȡںϢ
2018-11-29 08:45:18: ںidΪguanqingluntan
2018-11-29 08:45:26: ںƣݸ̳
2018-11-29 08:45:26: ںurlhttp://mp.weixin.qq.com/profile?src=3&timestamp=1543452318&ver=1&signature=Mfw4IOR-pmBUBwzu6Sgf5gcRFRbg-bOzcx*l9R1lx88n04nxqLjhRHH7F*SzC9Ugc-jv4ffrsY2j7KswvlcibQ==
2018-11-29 08:45:26: ͷurlhttp://wx.qlogo.cn/mmhead/Q3auHgzwzM68swmUChdRI2ic0cvMBflUg8Tp8CNvicppeNmmM9liaofzA/0
2018-11-29 08:45:26: ݿϢɹ
2018-11-29 08:45:26:  
2018-11-29 09:04:34: ȡںϢ
2018-11-29 09:04:35: ںidΪdglgxyxsh
2018-11-29 09:04:45: ںƣݸѧ
2018-11-29 09:04:45: ںurlhttp://mp.weixin.qq.com/profile?src=3&timestamp=1543453478&ver=1&signature=wtJFX85bF4DcYug7mBBV5gqRt6X01ZvUde3Uf5BwGzBhCF8H*rNHRzLZm79oDFFmW3lGokKJe6AkzjOXNs6tlA==
2018-11-29 09:04:45: ͷurlhttp://wx.qlogo.cn/mmhead/Q3auHgzwzM7xxJWy4IibE7EjucUWh2Pm0DeZuBpoSEz8OgVbTQhkFCQ/0
2018-11-29 09:04:45: ݿϢɹ
2018-11-29 09:04:45:  
2018-11-29 09:10:26: ȡںϢ
2018-11-29 09:10:27: ںidΪdglgxyxsh
2018-11-29 09:10:34: ںƣݸѧ
2018-11-29 09:10:34: ںurlhttp://mp.weixin.qq.com/profile?src=3&timestamp=1543453827&ver=1&signature=wtJFX85bF4DcYug7mBBV5gqRt6X01ZvUde3Uf5BwGzBhCF8H*rNHRzLZm79oDFFm0MivFm06Vsxn6mF9sqnJaw==
2018-11-29 09:10:34: ͷurlhttp://wx.qlogo.cn/mmhead/Q3auHgzwzM7xxJWy4IibE7EjucUWh2Pm0DeZuBpoSEz8OgVbTQhkFCQ/0
2018-11-29 09:10:34: ݿϢɹ
2018-11-29 09:10:34:  
2018-11-29 09:12:24: ȡںϢ
2018-11-29 09:12:25: ںidΪdglgxyxsh
2018-11-29 09:12:38: ںƣݸѧ
2018-11-29 09:12:38: ںurlhttp://mp.weixin.qq.com/profile?src=3&timestamp=1543453952&ver=1&signature=wtJFX85bF4DcYug7mBBV5gqRt6X01ZvUde3Uf5BwGzBhCF8H*rNHRzLZm79oDFFmFW5KzHskxgYrm7MkqZ37RA==
2018-11-29 09:12:38: ͷurlhttp://wx.qlogo.cn/mmhead/Q3auHgzwzM7xxJWy4IibE7EjucUWh2Pm0DeZuBpoSEz8OgVbTQhkFCQ/0
2018-11-29 09:12:39: ݿϢɹ
2018-11-29 09:12:39:  
2018-11-29 09:17:18: ȡںϢ
2018-11-29 09:17:19: ںidΪdglgxyxsh
2018-11-29 09:17:26: ںƣݸѧ
2018-11-29 09:17:26: ںurlhttp://mp.weixin.qq.com/profile?src=3&timestamp=1543454239&ver=1&signature=wtJFX85bF4DcYug7mBBV5gqRt6X01ZvUde3Uf5BwGzBhCF8H*rNHRzLZm79oDFFmXqvmTlQok2B*EAQabnI7PQ==
2018-11-29 09:17:26: ͷurlhttp://wx.qlogo.cn/mmhead/Q3auHgzwzM7xxJWy4IibE7EjucUWh2Pm0DeZuBpoSEz8OgVbTQhkFCQ/0
2018-11-29 09:17:26: ݿϢɹ
2018-11-29 09:17:26:  
2018-11-29 09:18:40: ȡںϢ
2018-11-29 09:18:41: ںidΪguanqingluntan
2018-11-29 09:18:49: ںƣݸ̳
2018-11-29 09:18:49: ںurlhttp://mp.weixin.qq.com/profile?src=3&timestamp=1543454321&ver=1&signature=Mfw4IOR-pmBUBwzu6Sgf5gcRFRbg-bOzcx*l9R1lx88n04nxqLjhRHH7F*SzC9Ug6AxU5AUDpR4TKrfW7hEzYw==
2018-11-29 09:18:49: ͷurlhttp://wx.qlogo.cn/mmhead/Q3auHgzwzM68swmUChdRI2ic0cvMBflUg8Tp8CNvicppeNmmM9liaofzA/0
2018-11-29 09:18:49: ݿϢɹ
2018-11-29 09:18:49:  
