2018-11-24 22:05:50: 公众号ID为：dglgtw
2018-11-24 22:05:55: 公众号名称：莞工青年
2018-11-24 22:05:55: 公众号url：http://mp.weixin.qq.com/profile?src=3&timestamp=1543068354&ver=1&signature=hDj04Y3QJZW7XJDcdLikHSJ1uDXa0SJERiybkuBSBHb6rzGkH*-fXJ6wM9QcqQRsiKfA9gcg7LnbSozcg7YPNg==
2018-11-24 22:06:18: 公众号ID为：dglgtw
2018-11-24 22:06:18: 公众号名称：莞工青年
2018-11-24 22:06:18: 公众号url：http://mp.weixin.qq.com/profile?src=3&timestamp=1543068378&ver=1&signature=hDj04Y3QJZW7XJDcdLikHSJ1uDXa0SJERiybkuBSBHb6rzGkH*-fXJ6wM9QcqQRs9n2hWOPRk*pg*I05ODCkKA==
2018-11-24 22:06:39: 抓到文章10篇
2018-11-24 22:06:39: 
2018-11-24 22:06:39: 正在爬取(1/10)
2018-11-24 22:06:39: 标题： 我不想尝试 失去你的滋味
2018-11-24 22:06:39: 发表时间： 2018年11月9日
2018-11-24 22:06:39: 地址： http://mp.weixin.qq.com/s?timestamp=1543068383&src=3&ver=1&signature=AXkSer06B5*jkB6OqLc08nAVDP2dAZeB*WZIyXZjNoM-Gd4RcgL*YnwCH1Hh3jLZm8tHXfDjpTG0P4qoM*Nu9fdZXw5IL9bEIUgqF5I4XmEp3oZ5ZmgOVYZ1Y8He11glbspoNNz3Xgir3IeBf0iVq46SnOgoDpJcGhfnpMsCFF4=
2018-11-24 22:06:39: 数据已存在，忽略此次爬取.
2018-11-24 22:06:39: 
2018-11-24 22:06:39: 正在爬取(2/10)
2018-11-24 22:06:39: 标题： 我想回到暑假，和他们一样优秀
2018-11-24 22:06:39: 发表时间： 2018年11月11日
2018-11-24 22:06:39: 地址： http://mp.weixin.qq.com/s?timestamp=1543068383&src=3&ver=1&signature=AXkSer06B5*jkB6OqLc08nAVDP2dAZeB*WZIyXZjNoM-Gd4RcgL*YnwCH1Hh3jLZm8tHXfDjpTG0P4qoM*Nu9QqPgLIkXvBPbwGIFv9nSKBuHgzqG1w7K*UcDwDnBaEgaRDYma-AZocd6lvWad6X9LkOSrt*6tNkFI2t3eAkTao=
2018-11-24 22:06:39: 数据已存在，忽略此次爬取.
2018-11-24 22:06:39: 
2018-11-24 22:06:39: 正在爬取(3/10)
2018-11-24 22:06:39: 标题： 原创 我想要摇858去莞城校区找女朋友
2018-11-24 22:06:39: 发表时间： 2018年11月12日
2018-11-24 22:06:39: 地址： http://mp.weixin.qq.com/s?timestamp=1543068383&src=3&ver=1&signature=AXkSer06B5*jkB6OqLc08nAVDP2dAZeB*WZIyXZjNoM-Gd4RcgL*YnwCH1Hh3jLZm8tHXfDjpTG0P4qoM*Nu9SV3rlo3FPla0zHMWiDcKGeOGYpzRNmCCW*NyitHppWQJIbIaMPICdNwjj2n8hxBK0BlkwXKjexpBl-u0wnNSWI=
2018-11-24 22:06:39: 数据已存在，忽略此次爬取.
2018-11-24 22:06:39: 
2018-11-24 22:06:39: 正在爬取(4/10)
2018-11-24 22:06:39: 标题： 重磅 | 我校这个专业闯入全国TOP100
2018-11-24 22:06:39: 发表时间： 2018年11月13日
2018-11-24 22:06:39: 地址： http://mp.weixin.qq.com/s?timestamp=1543068383&src=3&ver=1&signature=AXkSer06B5*jkB6OqLc08nAVDP2dAZeB*WZIyXZjNoM-Gd4RcgL*YnwCH1Hh3jLZm8tHXfDjpTG0P4qoM*Nu9YKDHdaTOvgIvFJrgpQHol1S3p-vhDmBZ5Mq8J8BN35boBbMJf4cZPPPjUc5EIMFjsfg3cZYuLnChhw5ifXBCy4=
2018-11-24 22:06:57: 入库成功
2018-11-24 22:06:57: 
2018-11-24 22:06:57: 正在爬取(5/10)
2018-11-24 22:06:57: 标题： 原创 喂喂喂，有人在一饭门口写写画画
2018-11-24 22:06:57: 发表时间： 2018年11月15日
2018-11-24 22:06:57: 地址： http://mp.weixin.qq.com/s?timestamp=1543068383&src=3&ver=1&signature=AXkSer06B5*jkB6OqLc08nAVDP2dAZeB*WZIyXZjNoM-Gd4RcgL*YnwCH1Hh3jLZm8tHXfDjpTG0P4qoM*Nu9Vqw2DiNZ8qBmwxRVPTlwpFvFjcMmH0XV1dlVCczTrUSazhaVLNuBHG4K1LMpGKQtg3tVII4iKnLLK*r7IPx1Ig=
2018-11-24 22:07:12: 入库成功
2018-11-24 22:07:12: 
2018-11-24 22:07:12: 正在爬取(6/10)
2018-11-24 22:07:12: 标题： 即使，世界上的人都不偏袒你，但我最最最最…
2018-11-24 22:07:12: 发表时间： 2018年11月17日
2018-11-24 22:07:12: 地址： http://mp.weixin.qq.com/s?timestamp=1543068383&src=3&ver=1&signature=AXkSer06B5*jkB6OqLc08nAVDP2dAZeB*WZIyXZjNoM-Gd4RcgL*YnwCH1Hh3jLZm8tHXfDjpTG0P4qoM*Nu9aXYoEMdyydTdbLT85zcu-S1vwDIYLDu1t3hD8W3pJy4jgQ7XvUBhjT5JWt4tI7WSClmj9URww9jLYQmoBRm8cU=
2018-11-24 22:07:22: 入库成功
2018-11-24 22:07:22: 
2018-11-24 22:07:22: 正在爬取(7/10)
2018-11-24 22:07:22: 标题： 我在这里筑梦成长，你要来吗?
2018-11-24 22:07:22: 发表时间： 2018年11月18日
2018-11-24 22:07:22: 地址： http://mp.weixin.qq.com/s?timestamp=1543068383&src=3&ver=1&signature=AXkSer06B5*jkB6OqLc08nAVDP2dAZeB*WZIyXZjNoM-Gd4RcgL*YnwCH1Hh3jLZm8tHXfDjpTG0P4qoM*Nu9U2-tt9*RMWqM3Bh8*WnR2ZSe2xdIl0Nmb2CaW2YvjMUx0ne6y9Ho32y4Bp79dHpwc3ktpvYqWdJT6eoYDYvBtY=
2018-11-24 22:07:51: 入库成功
2018-11-24 22:07:51: 
2018-11-24 22:07:51: 正在爬取(8/10)
2018-11-24 22:07:51: 标题： 十一月书记茶座来啦！
2018-11-24 22:07:51: 发表时间： 2018年11月20日
2018-11-24 22:07:51: 地址： http://mp.weixin.qq.com/s?timestamp=1543068383&src=3&ver=1&signature=AXkSer06B5*jkB6OqLc08nAVDP2dAZeB*WZIyXZjNoM-Gd4RcgL*YnwCH1Hh3jLZm8tHXfDjpTG0P4qoM*Nu9YYMBEtOG63Q9tosWSNsFVNkKPQYAcDYtbF5KVFJMkaKAqPuZPAPaR9oE3cQ4IkmhqJBmXma1w-7XnhBEKORslc=
2018-11-24 22:08:15: 入库成功
2018-11-24 22:08:15: 
2018-11-24 22:08:15: 正在爬取(9/10)
2018-11-24 22:08:15: 标题： 原创 莞工今日份冠军都在这里了！团队MVP到底是谁？
2018-11-24 22:08:15: 发表时间： 2018年11月21日
2018-11-24 22:08:15: 地址： http://mp.weixin.qq.com/s?timestamp=1543068383&src=3&ver=1&signature=AXkSer06B5*jkB6OqLc08nAVDP2dAZeB*WZIyXZjNoM-Gd4RcgL*YnwCH1Hh3jLZm8tHXfDjpTG0P4qoM*Nu9WmcxORx7ZCOkpciKNl4PC7xOffP*beacvQ4pFsGpjOG6ys2BUHkvBxDqv8v7SfsobIgfy8jlAis6R*9cNHuHBA=
2018-11-24 22:08:35: 入库成功
2018-11-24 22:08:35: 
2018-11-24 22:08:35: 正在爬取(10/10)
2018-11-24 22:08:35: 标题： 原创 点开！这里有莞工校运会的最强战队！
2018-11-24 22:08:35: 发表时间： 2018年11月22日
2018-11-24 22:08:35: 地址： http://mp.weixin.qq.com/s?timestamp=1543068383&src=3&ver=1&signature=AXkSer06B5*jkB6OqLc08nAVDP2dAZeB*WZIyXZjNoM-Gd4RcgL*YnwCH1Hh3jLZm8tHXfDjpTG0P4qoM*Nu9VYUWxtnz*aVg3-0*CcNpIGKrHSGhbOchyWQPJuh6EMVfzHMEmNECWJYKzLs2mLExCSfJNJxebjBGc7eG2Hik5w=
2018-11-24 22:09:12: 入库成功
2018-11-24 22:09:12: 公众号ID为：guanqingluntan
2018-11-24 22:09:18: 公众号名称：莞工青年论坛
2018-11-24 22:09:18: 公众号url：http://mp.weixin.qq.com/profile?src=3&timestamp=1543068558&ver=1&signature=Mfw4IOR-pmBUBwzu6Sgf5gcRFRbg-bOzcx*l9R1lx88n04nxqLjhRHH7F*SzC9UgqKffibYEflPClgXWQ90mgg==
2018-11-24 22:09:45: 抓到文章11篇
2018-11-24 22:09:45: 
2018-11-24 22:09:45: 正在爬取(1/11)
2018-11-24 22:09:45: 标题： 原创 讲座回顾 | 刘人怀： 创新，需要从一而终
2018-11-24 22:09:45: 发表时间： 2018年11月3日
2018-11-24 22:09:45: 地址： http://mp.weixin.qq.com/s?timestamp=1543068562&src=3&ver=1&signature=AXkSer06B5*jkB6OqLc08iR0Ke2y1kcaiPiZi0g3k0m1PXsM*pyVOxGij4jaXzverJ6izS9OSUfSUBzRYC52Gtqe53W0Fq3khXX91-UkWAbJdsTOLQgIXxxMoRi90q8O-975Zoe9IdQP*4arrS94bM99Odp07YrTbccJEUhTTKY=
2018-11-24 22:09:56: 入库成功
2018-11-24 22:09:56: 
2018-11-24 22:09:56: 正在爬取(2/11)
2018-11-24 22:09:56: 标题： 记艺 | 视觉传达于您的艺术美感
2018-11-24 22:09:56: 发表时间： 2018年11月4日
2018-11-24 22:09:56: 地址： http://mp.weixin.qq.com/s?timestamp=1543068562&src=3&ver=1&signature=AXkSer06B5*jkB6OqLc08iR0Ke2y1kcaiPiZi0g3k0m1PXsM*pyVOxGij4jaXzverJ6izS9OSUfSUBzRYC52GmuyxC5dHkSo1Gx0cTYR-Sa2ONpTPpwpaRP50IdMT2QUTTVnqpeRBZY30XQ0NXzAqGgfB6P6ppFp*tKthwzFyCA=
2018-11-24 22:10:27: 入库成功
2018-11-24 22:10:27: 
2018-11-24 22:10:27: 正在爬取(3/11)
2018-11-24 22:10:27: 标题： 莞城校区 | 师友电脑维修部来了！
2018-11-24 22:10:27: 发表时间： 2018年11月5日
2018-11-24 22:10:27: 地址： http://mp.weixin.qq.com/s?timestamp=1543068562&src=3&ver=1&signature=AXkSer06B5*jkB6OqLc08iR0Ke2y1kcaiPiZi0g3k0m1PXsM*pyVOxGij4jaXzverJ6izS9OSUfSUBzRYC52GgaV5svyYhVzy3z3VV2fvwXOzPenFQNl12L3iAjJhmZq*9sd2Hj7ff8GfvMomfIKNr-B8pDuKO59QpiZUg0KNrA=
2018-11-24 22:10:42: 入库成功
2018-11-24 22:10:42: 
2018-11-24 22:10:42: 正在爬取(4/11)
2018-11-24 22:10:42: 标题： 原创 微莞电台 | 你的35040个小时，已经余额不足
2018-11-24 22:10:42: 发表时间： 2018年11月5日
2018-11-24 22:10:42: 地址： http://mp.weixin.qq.com/s?timestamp=1543068562&src=3&ver=1&signature=AXkSer06B5*jkB6OqLc08iR0Ke2y1kcaiPiZi0g3k0m1PXsM*pyVOxGij4jaXzverJ6izS9OSUfSUBzRYC52GgaV5svyYhVzy3z3VV2fvwVb5EoyR9P60d0PuTz8K4SHj-4TlavldnFbQDbYS7KcUXsiNh4ylgTtyTE6p-1EdTQ=
2018-11-24 22:10:56: 入库成功
2018-11-24 22:10:56: 
2018-11-24 22:10:56: 正在爬取(5/11)
2018-11-24 22:10:56: 标题： 莞城 | LIGHT一起享受慢节奏的美好
2018-11-24 22:10:56: 发表时间： 2018年11月8日
2018-11-24 22:10:56: 地址： http://mp.weixin.qq.com/s?timestamp=1543068562&src=3&ver=1&signature=AXkSer06B5*jkB6OqLc08iR0Ke2y1kcaiPiZi0g3k0m1PXsM*pyVOxGij4jaXzverJ6izS9OSUfSUBzRYC52GrJHjf1tky4oHiES2WpNpr8J*n5Eb0Hox1tljJ5szCTTG9KQiYMvoVbTTxoeHFyswF2R5t*NeyA1MwFCDxzJdG8=
2018-11-24 22:11:04: 入库成功
2018-11-24 22:11:04: 
2018-11-24 22:11:04: 正在爬取(6/11)
2018-11-24 22:11:04: 标题： 文化艺术节 | 东莞理工学院2018年校园十大歌手比赛
2018-11-24 22:11:04: 发表时间： 2018年11月12日
2018-11-24 22:11:04: 地址： http://mp.weixin.qq.com/s?timestamp=1543068562&src=3&ver=1&signature=AXkSer06B5*jkB6OqLc08iR0Ke2y1kcaiPiZi0g3k0m1PXsM*pyVOxGij4jaXzverJ6izS9OSUfSUBzRYC52GjLYpdx6dcSlMpa9siScx175bpVsSCpOmtfqJgf3bsO9bhvxbP*qo0CxhgNRnn1sVENSat1E-SFvSCaU0pvhFNc=
2018-11-24 22:11:37: 入库成功
2018-11-24 22:11:37: 
2018-11-24 22:11:37: 正在爬取(7/11)
2018-11-24 22:11:37: 标题： 原创 微莞电台 | 在史册里，在人心里—纪念中山先生诞辰152周年
2018-11-24 22:11:37: 发表时间： 2018年11月13日
2018-11-24 22:11:37: 地址： http://mp.weixin.qq.com/s?timestamp=1543068562&src=3&ver=1&signature=AXkSer06B5*jkB6OqLc08iR0Ke2y1kcaiPiZi0g3k0m1PXsM*pyVOxGij4jaXzverJ6izS9OSUfSUBzRYC52GpIP-42VK8I-Tdkd5yydXXDsMRLd6Wmp4rLP0NwTLIcD4yB7GOS2MbVikYDq565hpDiK9muXwTmP8XYwlpal7gc=
2018-11-24 22:11:48: 入库成功
2018-11-24 22:11:48: 
2018-11-24 22:11:48: 正在爬取(8/11)
2018-11-24 22:11:48: 标题： 原创 人生里六点到十二点钟方向的风景，我都想陪你看
2018-11-24 22:11:48: 发表时间： 2018年11月17日
2018-11-24 22:11:48: 地址： http://mp.weixin.qq.com/s?timestamp=1543068562&src=3&ver=1&signature=AXkSer06B5*jkB6OqLc08iR0Ke2y1kcaiPiZi0g3k0m1PXsM*pyVOxGij4jaXzverJ6izS9OSUfSUBzRYC52GtvpPKYr2C2VKUO-p-L0JZxKOHCVyawGPyHtxu-Bg2sfUQlJW5kEKAvuB44zBqp0tN*kFQQI5ny1g85SGDkpuW8=
2018-11-24 22:11:57: 入库成功
2018-11-24 22:11:57: 
2018-11-24 22:11:57: 正在爬取(9/11)
2018-11-24 22:11:57: 标题： 十一月书记茶座来啦！
2018-11-24 22:11:57: 发表时间： 2018年11月20日
2018-11-24 22:11:57: 地址： http://mp.weixin.qq.com/s?timestamp=1543068562&src=3&ver=1&signature=AXkSer06B5*jkB6OqLc08iR0Ke2y1kcaiPiZi0g3k0m1PXsM*pyVOxGij4jaXzverJ6izS9OSUfSUBzRYC52GpIgS8R8s6d-j8yVnCx18PihM172cb9oexrp6hkOVsfM19z1i6XxYjh47ZtrVEqMRfXBLmxWLzN4prrGS01JJ7s=
2018-11-24 22:11:57: 数据已存在，忽略此次爬取.
2018-11-24 22:11:57: 
2018-11-24 22:11:57: 正在爬取(10/11)
2018-11-24 22:11:57: 标题： 原创 儿时的戏你还记得吗？
2018-11-24 22:11:57: 发表时间： 2018年11月21日
2018-11-24 22:11:57: 地址： http://mp.weixin.qq.com/s?timestamp=1543068562&src=3&ver=1&signature=AXkSer06B5*jkB6OqLc08iR0Ke2y1kcaiPiZi0g3k0m1PXsM*pyVOxGij4jaXzverJ6izS9OSUfSUBzRYC52GltzmusbfqQKjKJ7oDj1DtDrnRs82qecpiuHGTFe2L8xD3jd7abwO4iky0UPOZ*7PsxaQAxMVe9jdqwyTd2TDN0=
2018-11-24 22:12:03: 入库成功
2018-11-24 22:12:03: 
2018-11-24 22:12:03: 正在爬取(11/11)
2018-11-24 22:12:03: 标题： 原创 讲座预告 | 邱小娜——粤雅清音，薪火相传
2018-11-24 22:12:03: 发表时间： 2018年11月22日
2018-11-24 22:12:03: 地址： http://mp.weixin.qq.com/s?timestamp=1543068562&src=3&ver=1&signature=AXkSer06B5*jkB6OqLc08iR0Ke2y1kcaiPiZi0g3k0m1PXsM*pyVOxGij4jaXzverJ6izS9OSUfSUBzRYC52Gna8VvADBscHGZWZ6rFzqw7kJHJSWvig3d4Rzt1WwdkQXR4hNJ2sYKzAUKvE1vMlMV6rs-7P6Z*uolYksT5b45I=
2018-11-24 22:12:08: 入库成功
2018-11-24 22:12:08: 公众号ID为：dutsmc
2018-11-24 22:12:09: 公众号名称：莞工学生媒体中心
2018-11-24 22:12:09: 公众号url：http://mp.weixin.qq.com/profile?src=3&timestamp=1543068729&ver=1&signature=7ngfHXf3y1ZvVDqkeyPt9T33nwWSUcO*L6YMgd5iSzwjDj2AaMjw1adpZlrIxGTXskq0b8AaZlHgHU1-R2XR1g==
2018-11-24 22:12:30: 抓到文章19篇
2018-11-24 22:12:30: 
2018-11-24 22:12:30: 正在爬取(1/19)
2018-11-24 22:12:30: 标题： 小媒帮你推 ｜ 3X3街头篮球巡回赛即将引爆松山湖，叫上兄弟篮球场上见！
2018-11-24 22:12:30: 发表时间： 2018年11月14日
2018-11-24 22:12:30: 地址： http://mp.weixin.qq.com/s?timestamp=1543068734&src=3&ver=1&signature=AXkSer06B5*jkB6OqLc08mxB3RcTFsdmAF1C*8Z9qP8ZbUPBd8dfbBnJUSYrDI8xLiNhB7EKBVq4t30LMVyF21JeqrLazcJ472ksuGtaFDm9Z1R1D7Im28YQUl86I1y4Vhltx11vzPdpin0zeAfkq0o-d1iyvR6byAdVmvaHpFc=
2018-11-24 22:12:47: 入库成功
2018-11-24 22:12:47: 
2018-11-24 22:12:47: 正在爬取(2/19)
2018-11-24 22:12:47: 标题： 莞工方言点名，你家乡的方言到场了吗？
2018-11-24 22:12:47: 发表时间： 2018年11月14日
2018-11-24 22:12:47: 地址： http://mp.weixin.qq.com/s?timestamp=1543068734&src=3&ver=1&signature=AXkSer06B5*jkB6OqLc08mxB3RcTFsdmAF1C*8Z9qP8ZbUPBd8dfbBnJUSYrDI8xLiNhB7EKBVq4t30LMVyF21JeqrLazcJ472ksuGtaFDlkbY8cPy-Mg6LOkFkTqpyu4Q20p3jm5-znw2BqaqW7azzDtotiDY4oeCXrktKfxCg=
2018-11-24 22:13:04: 入库成功
2018-11-24 22:13:04: 
2018-11-24 22:13:04: 正在爬取(3/19)
2018-11-24 22:13:04: 标题： 原创 城市乐跑，你有参加吗？
2018-11-24 22:13:04: 发表时间： 2018年11月15日
2018-11-24 22:13:04: 地址： http://mp.weixin.qq.com/s?timestamp=1543068734&src=3&ver=1&signature=AXkSer06B5*jkB6OqLc08mxB3RcTFsdmAF1C*8Z9qP8ZbUPBd8dfbBnJUSYrDI8xLiNhB7EKBVq4t30LMVyF28jRmVjm4F2YFobn0M2C5k2BIlb8TXtZ4gkJgDKMRqMJMrCrqYDalcaYb6K1c-7730e2paBtBYGShDhL02pT-vU=
2018-11-24 22:13:15: 入库成功
2018-11-24 22:13:15: 
2018-11-24 22:13:15: 正在爬取(4/19)
2018-11-24 22:13:15: 标题： 原创 莞工真的要禁电动车吗？官方这样回复！
2018-11-24 22:13:15: 发表时间： 2018年11月15日
2018-11-24 22:13:15: 地址： http://mp.weixin.qq.com/s?timestamp=1543068734&src=3&ver=1&signature=AXkSer06B5*jkB6OqLc08mxB3RcTFsdmAF1C*8Z9qP8ZbUPBd8dfbBnJUSYrDI8xLiNhB7EKBVq4t30LMVyF28jRmVjm4F2YFobn0M2C5k2sFxySOhGbhwRgWADaFalHwstodwOe1tswU835LXmH59n6NfDXx5iBUk5sWIg8-cs=
2018-11-24 22:13:27: 入库成功
2018-11-24 22:13:27: 
2018-11-24 22:13:27: 正在爬取(5/19)
2018-11-24 22:13:27: 标题： 原创 流年笑掷，未来可期
2018-11-24 22:13:27: 发表时间： 2018年11月16日
2018-11-24 22:13:27: 地址： http://mp.weixin.qq.com/s?timestamp=1543068734&src=3&ver=1&signature=AXkSer06B5*jkB6OqLc08mxB3RcTFsdmAF1C*8Z9qP8ZbUPBd8dfbBnJUSYrDI8xLiNhB7EKBVq4t30LMVyF29cAjwgEq0PexGjX*DegxkEQI1dc1FCVVFCWg7-mqB8w6k56gl2OzwFtMvwsh2pxun3BuoJDAHbBG*LmMkbNUkw=
2018-11-24 22:13:51: 入库成功
2018-11-24 22:13:51: 
2018-11-24 22:13:51: 正在爬取(6/19)
2018-11-24 22:13:51: 标题： 《不速度与不激情》之校园限速
2018-11-24 22:13:51: 发表时间： 2018年11月16日
2018-11-24 22:13:51: 地址： http://mp.weixin.qq.com/s?timestamp=1543068734&src=3&ver=1&signature=AXkSer06B5*jkB6OqLc08mxB3RcTFsdmAF1C*8Z9qP8ZbUPBd8dfbBnJUSYrDI8xLiNhB7EKBVq4t30LMVyF29cAjwgEq0PexGjX*DegxkFZ6x8L7aZjt5onek5lbnoG2FJ1MTRvO1BCe56xg-AIY6bUwOJBUIvOpoHQbPu8nCg=
2018-11-24 22:14:19: 入库成功
2018-11-24 22:14:19: 
2018-11-24 22:14:19: 正在爬取(7/19)
2018-11-24 22:14:19: 标题： 原创 小心这种米粉、河粉、濑粉、薯粉！！
2018-11-24 22:14:19: 发表时间： 2018年11月17日
2018-11-24 22:14:19: 地址： http://mp.weixin.qq.com/s?timestamp=1543068734&src=3&ver=1&signature=AXkSer06B5*jkB6OqLc08mxB3RcTFsdmAF1C*8Z9qP8ZbUPBd8dfbBnJUSYrDI8xLiNhB7EKBVq4t30LMVyF2wv-R-cA1vDAsL-LUvSXnJhnljUjitbcrmAoP9vNwffnITEzTazKg*RAs*j-KapHCutZEoHHHpWSnWLsPcIQIsk=
2018-11-24 22:14:29: 入库成功
2018-11-24 22:14:29: 
2018-11-24 22:14:29: 正在爬取(8/19)
2018-11-24 22:14:29: 标题： 一周莞工新闻 | 成洪波到学生社区宣讲习近平总书记视察广东重要讲话精神
2018-11-24 22:14:29: 发表时间： 2018年11月18日
2018-11-24 22:14:29: 地址： http://mp.weixin.qq.com/s?timestamp=1543068734&src=3&ver=1&signature=AXkSer06B5*jkB6OqLc08mxB3RcTFsdmAF1C*8Z9qP8ZbUPBd8dfbBnJUSYrDI8xLiNhB7EKBVq4t30LMVyF2wkM*UHy0Fvsb1b8zTfmwjV1osDEndX9YbQ75o2eRX3YSSjeXSk073oUfPX-8QPGoQBuWJmIevd5FHKzQlfBPUc=
2018-11-24 22:14:53: 入库成功
2018-11-24 22:14:53: 
2018-11-24 22:14:53: 正在爬取(9/19)
2018-11-24 22:14:53: 标题： 你的“双十一”快递终于到了，这里有一份歌/影单代签收
2018-11-24 22:14:53: 发表时间： 2018年11月18日
2018-11-24 22:14:53: 地址： http://mp.weixin.qq.com/s?timestamp=1543068734&src=3&ver=1&signature=AXkSer06B5*jkB6OqLc08mxB3RcTFsdmAF1C*8Z9qP8ZbUPBd8dfbBnJUSYrDI8xLiNhB7EKBVq4t30LMVyF2wkM*UHy0Fvsb1b8zTfmwjWMWqHRspVPxtXNe97ljrV1Xof7-JwX*ndPJ2TiQmUJLOBaukbp7AU5WLiQfKRWgNo=
2018-11-24 22:15:06: 入库成功
2018-11-24 22:15:06: 
2018-11-24 22:15:06: 正在爬取(10/19)
2018-11-24 22:15:06: 标题： “我是大学生，也是ta的店主”
2018-11-24 22:15:06: 发表时间： 2018年11月18日
2018-11-24 22:15:06: 地址： http://mp.weixin.qq.com/s?timestamp=1543068734&src=3&ver=1&signature=AXkSer06B5*jkB6OqLc08mxB3RcTFsdmAF1C*8Z9qP8ZbUPBd8dfbBnJUSYrDI8xLiNhB7EKBVq4t30LMVyF2wkM*UHy0Fvsb1b8zTfmwjV0UO4ZWAhjiZanaDkks5AJCRqwmwJcF0cMnueXZnnZOlV-h0wM3UJFtMATsQG8Cqk=
2018-11-24 22:15:16: 入库成功
2018-11-24 22:15:16: 
2018-11-24 22:15:16: 正在爬取(11/19)
2018-11-24 22:15:16: 标题： 小媒帮你推丨第九届“老马杯”距离投稿22号截止啦！快来吧！
2018-11-24 22:15:16: 发表时间： 2018年11月19日
2018-11-24 22:15:16: 地址： http://mp.weixin.qq.com/s?timestamp=1543068734&src=3&ver=1&signature=AXkSer06B5*jkB6OqLc08mxB3RcTFsdmAF1C*8Z9qP8ZbUPBd8dfbBnJUSYrDI8xLiNhB7EKBVq4t30LMVyF25Fd76KmgnexU20Yqf18dD4d5kJ2*UncT*BWa9uENo99M8GSXMj2qlObuaVdPumkd61LpBwVIkMGif*9s7wIm1E=
2018-11-24 22:15:32: 入库成功
2018-11-24 22:15:32: 
2018-11-24 22:15:32: 正在爬取(12/19)
2018-11-24 22:15:32: 标题： 通知！试鸣防空警报通告来啦！
2018-11-24 22:15:32: 发表时间： 2018年11月19日
2018-11-24 22:15:32: 地址： http://mp.weixin.qq.com/s?timestamp=1543068734&src=3&ver=1&signature=AXkSer06B5*jkB6OqLc08mxB3RcTFsdmAF1C*8Z9qP8ZbUPBd8dfbBnJUSYrDI8xLiNhB7EKBVq4t30LMVyF25Fd76KmgnexU20Yqf18dD7LdVeoiWxdrYvbLu9JaWDCUFtf476OY3MN6XB5c6fJUnyz3BlUh52fRd2xnsCkQ8w=
2018-11-24 22:15:41: 入库成功
2018-11-24 22:15:41: 
2018-11-24 22:15:41: 正在爬取(13/19)
2018-11-24 22:15:41: 标题： 十一月书记茶座来啦！
2018-11-24 22:15:41: 发表时间： 2018年11月19日
2018-11-24 22:15:41: 地址： http://mp.weixin.qq.com/s?timestamp=1543068734&src=3&ver=1&signature=AXkSer06B5*jkB6OqLc08mxB3RcTFsdmAF1C*8Z9qP8ZbUPBd8dfbBnJUSYrDI8xLiNhB7EKBVq4t30LMVyF25Fd76KmgnexU20Yqf18dD4kiJand27cHaggprTZ92cdzuK7Pa4ophavHzgvcFR-Crr4DAOWDMe2ijvEfjvkKPc=
2018-11-24 22:15:51: 入库成功
2018-11-24 22:15:51: 
2018-11-24 22:15:51: 正在爬取(14/19)
2018-11-24 22:15:51: 标题： 小媒帮你推 | 变废为宝手工制作比赛
2018-11-24 22:15:51: 发表时间： 2018年11月20日
2018-11-24 22:15:51: 地址： http://mp.weixin.qq.com/s?timestamp=1543068734&src=3&ver=1&signature=AXkSer06B5*jkB6OqLc08mxB3RcTFsdmAF1C*8Z9qP8ZbUPBd8dfbBnJUSYrDI8xLiNhB7EKBVq4t30LMVyF26n8c9wWWBuDzLGk6pZH9-2B12kxJb*mbdXNg6019RPPWjictKe0khv5wrELJ5k8WRpeHW6Hh08NhHb5p4fCkqw=
2018-11-24 22:16:11: 入库成功
2018-11-24 22:16:11: 
2018-11-24 22:16:11: 正在爬取(15/19)
2018-11-24 22:16:11: 标题： 原创 落地不成盒，我是自立的快递盒
2018-11-24 22:16:11: 发表时间： 2018年11月20日
2018-11-24 22:16:11: 地址： http://mp.weixin.qq.com/s?timestamp=1543068734&src=3&ver=1&signature=AXkSer06B5*jkB6OqLc08mxB3RcTFsdmAF1C*8Z9qP8ZbUPBd8dfbBnJUSYrDI8xLiNhB7EKBVq4t30LMVyF26n8c9wWWBuDzLGk6pZH9-2F9mtXKnZrri2Pg5746cMGT9qlkOv9bPrVDq4wUYsoB5MxhdFhx3fxS9kMu8AGlN8=
2018-11-24 22:16:24: 入库成功
2018-11-24 22:16:24: 
2018-11-24 22:16:24: 正在爬取(16/19)
2018-11-24 22:16:24: 标题： 你猜今天的校运会我看到了什么？
2018-11-24 22:16:24: 发表时间： 2018年11月21日
2018-11-24 22:16:24: 地址： http://mp.weixin.qq.com/s?timestamp=1543068734&src=3&ver=1&signature=AXkSer06B5*jkB6OqLc08mxB3RcTFsdmAF1C*8Z9qP8ZbUPBd8dfbBnJUSYrDI8xLiNhB7EKBVq4t30LMVyF23Xxmb8fcobhRWf9iirDBu6BskQZlac3XA5dxv0D8peOclHRm3VoveXdUlllR3Mmz5M3mWFPhgEB-sPDKQek8DY=
2018-11-24 22:16:27: 入库成功
2018-11-24 22:16:27: 
2018-11-24 22:16:27: 正在爬取(17/19)
2018-11-24 22:16:27: 标题： 原创 最酷的超级英雄，总是最后登场
2018-11-24 22:16:27: 发表时间： 2018年11月22日
2018-11-24 22:16:27: 地址： http://mp.weixin.qq.com/s?timestamp=1543068734&src=3&ver=1&signature=AXkSer06B5*jkB6OqLc08mxB3RcTFsdmAF1C*8Z9qP8ZbUPBd8dfbBnJUSYrDI8xLiNhB7EKBVq4t30LMVyF2092CwPQtK-bNeY3Xfi5qkFCJ3r9WSD141P*9wvZX6*lTenV9dux5Xv4bIDXKZllCrUNSjL2vI8EqFFCACMxTUc=
2018-11-24 22:16:57: 入库成功
2018-11-24 22:16:57: 
2018-11-24 22:16:57: 正在爬取(18/19)
2018-11-24 22:16:57: 标题： 关于处理废旧自行车的公告
2018-11-24 22:16:57: 发表时间： 2018年11月23日
2018-11-24 22:16:57: 地址： http://mp.weixin.qq.com/s?timestamp=1543068734&src=3&ver=1&signature=AXkSer06B5*jkB6OqLc08mxB3RcTFsdmAF1C*8Z9qP8ZbUPBd8dfbBnJUSYrDI8xLiNhB7EKBVq4t30LMVyF2wX50IQ5gV*oJCGqk4jDzQPOoO*ZApjWHfW9k7600j-m9yaYDVUhoYHszdRLnWSbau4MCUgjMECfzZ2rhcL0Azc=
2018-11-24 22:17:00: 入库成功
2018-11-24 22:17:00: 
2018-11-24 22:17:00: 正在爬取(19/19)
2018-11-24 22:17:00: 标题： 原创 为何不文明｜一个莞工人无奈的一天
2018-11-24 22:17:00: 发表时间： 2018年11月23日
2018-11-24 22:17:00: 地址： http://mp.weixin.qq.com/s?timestamp=1543068734&src=3&ver=1&signature=AXkSer06B5*jkB6OqLc08mxB3RcTFsdmAF1C*8Z9qP8ZbUPBd8dfbBnJUSYrDI8xLiNhB7EKBVq4t30LMVyF2wX50IQ5gV*oJCGqk4jDzQOHeH48PgEmM*VBnpHofdQyO5Pp9278FDTZD13Sgc32oqGiF8gaZFzT73yJ0-jgigk=
2018-11-24 22:17:06: 入库成功
2018-11-24 22:17:06: 公众号ID为：TNTstreetdance
2018-11-24 22:17:07: 未知错误，将爬取下一个公众号。
2018-11-24 22:17:07: 公众号ID为：DGUT_GGCY
2018-11-24 22:17:07: 未知错误，将爬取下一个公众号。
2018-11-24 22:17:07: 公众号ID为：dgutxn
2018-11-24 22:17:07: 未知错误，将爬取下一个公众号。
2018-11-24 22:17:07: 公众号ID为：ggxshwlb
2018-11-24 22:17:07: 未知错误，将爬取下一个公众号。
2018-11-24 22:17:07: 公众号ID为：ggrpfamily
2018-11-24 22:17:08: 未知错误，将爬取下一个公众号。
2018-11-24 22:17:08: 公众号ID为：dgutkob
2018-11-24 22:17:08: 未知错误，将爬取下一个公众号。
2018-11-24 22:17:08: 公众号ID为：dgutzb
2018-11-24 22:17:08: 未知错误，将爬取下一个公众号。
2018-11-24 22:17:08: 公众号ID为：dgutpx
2018-11-24 22:17:08: 未知错误，将爬取下一个公众号。
2018-11-24 22:17:08: 公众号ID为：guangongkexie
2018-11-24 22:17:09: 未知错误，将爬取下一个公众号。
2018-11-24 22:17:09: 公众号ID为：dgutgreen
2018-11-24 22:17:09: 未知错误，将爬取下一个公众号。
2018-11-24 22:17:09: 公众号ID为：yinzytravel
2018-11-24 22:17:10: 未知错误，将爬取下一个公众号。
2018-11-24 22:17:10: 公众号ID为：DGUTTKD
2018-11-24 22:17:10: 未知错误，将爬取下一个公众号。
2018-11-24 22:17:10: 公众号ID为：wailianjiating
2018-11-24 22:17:11: 未知错误，将爬取下一个公众号。
2018-11-24 22:17:11: 公众号ID为：ggsfxh
2018-11-24 22:17:11: 未知错误，将爬取下一个公众号。
2018-11-24 22:17:11: 公众号ID为：gh_93ff0d749e07
2018-11-24 22:17:11: 未知错误，将爬取下一个公众号。
2018-11-24 22:17:11: 公众号ID为：dgutnic
2018-11-24 22:17:11: 未知错误，将爬取下一个公众号。
2018-11-24 22:17:11: 公众号ID为：ggdxskjcxxx
2018-11-24 22:17:12: 未知错误，将爬取下一个公众号。
2018-11-24 22:17:12: 公众号ID为：ggdzzyz
2018-11-24 22:17:12: 未知错误，将爬取下一个公众号。
2018-11-24 22:17:12: 公众号ID为：dgutsyxh
2018-11-24 22:17:13: 未知错误，将爬取下一个公众号。
2018-11-24 22:17:13: 公众号ID为：dgutsy
2018-11-24 22:17:14: 未知错误，将爬取下一个公众号。
2018-11-24 22:17:14: 
爬虫已完成任务 
2018-11-25 15:39:46: ںIDΪdglgtw
2018-11-25 15:39:46: ںƣݸ
2018-11-25 15:39:46: ںurlhttp://mp.weixin.qq.com/profile?src=3&timestamp=1543131586&ver=1&signature=hDj04Y3QJZW7XJDcdLikHSJ1uDXa0SJERiybkuBSBHb6rzGkH*-fXJ6wM9QcqQRsNs*heJIFJFrJrgngmnaUSQ==
2018-11-25 15:39:54: ץ10ƪ
2018-11-25 15:39:54: 
2018-11-25 15:39:54: ȡ(1/10)
2018-11-25 15:39:54: ⣺ Ҳ볢 ʧȥζ
2018-11-25 15:39:54: ʱ䣺 2018119
2018-11-25 15:39:54: ַ http://mp.weixin.qq.com/s?timestamp=1543131589&src=3&ver=1&signature=*KiPLjvMx1mnnaOW1cc6SIMKoI-5ealE36TbvouyAWnOhE*a7wCbegpYDic5sAkJGf0F-JGqoG**1mdVJedDWk6GEt12vnLcUlip9IoM0lDhZqimGR3osnnHnj515Gu2RIBzyiwvyL3de5PydXNunkH7owB5YeCL1231YO8NIBQ=
2018-11-25 15:40:14: ɹ
2018-11-25 15:40:14: 
2018-11-25 15:40:14: ȡ(2/10)
2018-11-25 15:40:14: ⣺ ص٣һ
2018-11-25 15:40:14: ʱ䣺 20181111
2018-11-25 15:40:14: ַ http://mp.weixin.qq.com/s?timestamp=1543131589&src=3&ver=1&signature=*KiPLjvMx1mnnaOW1cc6SIMKoI-5ealE36TbvouyAWnOhE*a7wCbegpYDic5sAkJGf0F-JGqoG**1mdVJedDWiQU4d63*KlRRqQ3dCwxCvL5*zLbAVvqG0UCPSLE9qWWmklYBg5rLNsN1A8-AjqtX9BnEPPNH7VtVCPCLaWGP8c=
2018-11-25 15:40:43: ɹ
2018-11-25 15:40:43: 
2018-11-25 15:40:43: ȡ(3/10)
2018-11-25 15:40:43: ⣺ ԭ Ҫҡ858ȥݸУŮ
2018-11-25 15:40:43: ʱ䣺 20181112
2018-11-25 15:40:43: ַ http://mp.weixin.qq.com/s?timestamp=1543131589&src=3&ver=1&signature=*KiPLjvMx1mnnaOW1cc6SIMKoI-5ealE36TbvouyAWnOhE*a7wCbegpYDic5sAkJGf0F-JGqoG**1mdVJedDWiYtKBWHk1KvSKoHqI4i-cFdZK8Ouc2M9GKye7Z8iaBZOY8FN91IN9On8wyCK48s8J3LdkXEruYstztsoehU-TA=
2018-11-25 17:49:34: ںIDΪdglgtw
2018-11-25 17:49:35: ںƣݸ
2018-11-25 17:49:35: ںurlhttp://mp.weixin.qq.com/profile?src=3&timestamp=1543139376&ver=1&signature=hDj04Y3QJZW7XJDcdLikHSJ1uDXa0SJERiybkuBSBHb6rzGkH*-fXJ6wM9QcqQRsXcqUanhqwr6UojQ2dflUvA==
2018-11-25 17:49:42: ץ10ƪ
2018-11-25 17:49:42: 
2018-11-25 17:49:42: ȡ(1/10)
2018-11-25 17:49:42: ⣺ Ҳ볢 ʧȥζ
2018-11-25 17:49:42: ʱ䣺 2018119
2018-11-25 17:49:42: ַ http://mp.weixin.qq.com/s?timestamp=1543139379&src=3&ver=1&signature=*KiPLjvMx1mnnaOW1cc6SHkde49x3TEXcpR6xHAdkNiR9ePglQ*qocS7hgfomLvKlxBGEZlOyVXYrvb4t267tI3XmTxHRQpEbxSw0HHjt0JyhByzuFnPk4THeAEyGl166rnLzKbPlfnre0INSmu*1Ai57IcmZiF0wJDBpGSl-PQ=
2018-11-25 17:49:54: ⲻɹ
2018-11-25 17:49:54: 
2018-11-25 17:49:54: ȡ(2/10)
2018-11-25 17:49:54: ⣺ ص٣һ
2018-11-25 17:49:54: ʱ䣺 20181111
2018-11-25 17:49:54: ַ http://mp.weixin.qq.com/s?timestamp=1543139379&src=3&ver=1&signature=*KiPLjvMx1mnnaOW1cc6SHkde49x3TEXcpR6xHAdkNiR9ePglQ*qocS7hgfomLvKlxBGEZlOyVXYrvb4t267tDxNOqwix6-7w4rBGy2JR2JqPrujhB-zXwWSpzyaPtlqXpxKahKVob9w3*rLeOh8zYg9A2F*BauBh1e2T5bH7vU=
2018-11-25 17:50:57: ںIDΪdglgtw
2018-11-25 17:50:57: ںƣݸ
2018-11-25 17:50:57: ںurlhttp://mp.weixin.qq.com/profile?src=3&timestamp=1543139458&ver=1&signature=hDj04Y3QJZW7XJDcdLikHSJ1uDXa0SJERiybkuBSBHb6rzGkH*-fXJ6wM9QcqQRs4vdZiR0*pt9clqLspLa7ag==
2018-11-25 17:51:05: ץ10ƪ
2018-11-25 17:51:05: 
2018-11-25 17:51:05: ȡ(1/10)
2018-11-25 17:51:05: ⣺ Ҳ볢 ʧȥζ
2018-11-25 17:51:05: ʱ䣺 2018119
2018-11-25 17:51:05: ַ http://mp.weixin.qq.com/s?timestamp=1543139461&src=3&ver=1&signature=*KiPLjvMx1mnnaOW1cc6SEdnW59sWhiL5PqE58CpGa5CgBR-11ve3UQUPWxQkuQIh2YLZo3iIZhlJW6pus14JNF6vqLE3q-*vwodeCx0D9CMj3oBWzxubnHyG5VxK9u4zf27evx5jf1d7qjVe3jUxmpBc1moKcffj-E0bs*am20=
2018-11-25 17:51:12: ⲻɹ
2018-11-25 17:51:12: 
2018-11-25 17:51:12: ȡ(2/10)
2018-11-25 17:51:12: ⣺ ص٣һ
2018-11-25 17:51:12: ʱ䣺 20181111
2018-11-25 17:51:12: ַ http://mp.weixin.qq.com/s?timestamp=1543139461&src=3&ver=1&signature=*KiPLjvMx1mnnaOW1cc6SEdnW59sWhiL5PqE58CpGa5CgBR-11ve3UQUPWxQkuQIh2YLZo3iIZhlJW6pus14JMQdah*lmIGtq5Ly7DkZBeTImKUJVoHbeke8j-oLe0mC-FqLXozKXZCng6mOKN5X98EiNsAPBhX7V2ZOyN3rPUg=
2018-11-25 17:52:53: ںIDΪdglgtw
2018-11-25 17:52:53: ںƣݸ
2018-11-25 17:52:53: ںurlhttp://mp.weixin.qq.com/profile?src=3&timestamp=1543139573&ver=1&signature=hDj04Y3QJZW7XJDcdLikHSJ1uDXa0SJERiybkuBSBHb6rzGkH*-fXJ6wM9QcqQRs70FGQYS-DL1SZAxH58JUlw==
2018-11-25 17:52:59: ץ10ƪ
2018-11-25 17:52:59: 
2018-11-25 17:52:59: ȡ(1/10)
2018-11-25 17:52:59: ⣺ Ҳ볢 ʧȥζ
2018-11-25 17:52:59: ʱ䣺 2018119
2018-11-25 17:52:59: ַ http://mp.weixin.qq.com/s?timestamp=1543139576&src=3&ver=1&signature=*KiPLjvMx1mnnaOW1cc6SDMHEog8c4qNM1yt8GZI1QV0klesbRbdh0cX5xege1QQCXwgCVDvqbgNCDgma0cuCVc7qxnidixXERq1dmzdRIZl2P*Kmn67vvGAD5XxZ7QzztSDMwi7mfeXOB1DmC*olNh4l4y0srPqYcft3kb7i58=
2018-11-25 17:58:57: ںIDΪdglgtw
2018-11-25 17:58:57: ںƣݸ
2018-11-25 17:58:57: ںurlhttp://mp.weixin.qq.com/profile?src=3&timestamp=1543139937&ver=1&signature=hDj04Y3QJZW7XJDcdLikHSJ1uDXa0SJERiybkuBSBHb6rzGkH*-fXJ6wM9QcqQRsyvoHWQluK0ATdraewKCqUw==
2018-11-25 17:59:03: ץ10ƪ
2018-11-25 17:59:03: 
2018-11-25 17:59:03: ȡ(1/10)
2018-11-25 17:59:03: ⣺ Ҳ볢 ʧȥζ
2018-11-25 17:59:03: ʱ䣺 2018119
2018-11-25 17:59:03: ַ http://mp.weixin.qq.com/s?timestamp=1543139940&src=3&ver=1&signature=*KiPLjvMx1mnnaOW1cc6SN6rf14EhBjEW0V5HplMqxeWcgdO*pu1qUuYBMzksqH5xgsMa1jqtJaEufTaWepW0WT-jP8SgHsjD*kGRnwhmu1pen-IXsxppHgBPXj5ql8B8*tn876nCR8WOQuF3I9gj8ZMrChjUDYU5e62SbIoJow=
2018-11-25 17:59:15: ɹ
2018-11-25 17:59:15: 
2018-11-25 17:59:15: ȡ(2/10)
2018-11-25 17:59:15: ⣺ ص٣һ
2018-11-25 17:59:15: ʱ䣺 20181111
2018-11-25 17:59:15: ַ http://mp.weixin.qq.com/s?timestamp=1543139940&src=3&ver=1&signature=*KiPLjvMx1mnnaOW1cc6SN6rf14EhBjEW0V5HplMqxeWcgdO*pu1qUuYBMzksqH5xgsMa1jqtJaEufTaWepW0Rg6CrIMwScMyWFFwhcYydFcymnuMVvIYDJZ6-wI5j4MD3*WkBydK1WroHvjQaYnNE0PjHGspxolzWnkOg4Yj1c=
2018-11-25 17:59:38: ɹ
2018-11-25 17:59:38: 
2018-11-25 17:59:38: ȡ(3/10)
2018-11-25 17:59:38: ⣺ ԭ Ҫҡ858ȥݸУŮ
2018-11-25 17:59:38: ʱ䣺 20181112
2018-11-25 17:59:38: ַ http://mp.weixin.qq.com/s?timestamp=1543139940&src=3&ver=1&signature=*KiPLjvMx1mnnaOW1cc6SN6rf14EhBjEW0V5HplMqxeWcgdO*pu1qUuYBMzksqH5xgsMa1jqtJaEufTaWepW0SqN1ORlBZeJMPDAU4hSjG8MdcF12DUMToidP3tAoCGdXH1RXFU05b7wsPtq9suI2mXcslEZsr6f*pWDUU6GANI=
2018-11-25 18:00:08: ɹ
2018-11-25 18:00:08: 
2018-11-25 18:00:08: ȡ(4/10)
2018-11-25 18:00:08: ⣺ ذ | УרҵȫTOP100
2018-11-25 18:00:08: ʱ䣺 20181113
2018-11-25 18:00:08: ַ http://mp.weixin.qq.com/s?timestamp=1543139940&src=3&ver=1&signature=*KiPLjvMx1mnnaOW1cc6SN6rf14EhBjEW0V5HplMqxeWcgdO*pu1qUuYBMzksqH5xgsMa1jqtJaEufTaWepW0Qpmv3l1Jq6UclOWxMdQlKrTAGHWJPQQBmLWqTfzGUgd5B8SW3zrjdKJl9Qaj8l9Blj2LdvCg0JQHYGL7Qw--wk=
2018-11-25 18:00:17: ɹ
2018-11-25 18:00:17: 
2018-11-25 18:00:17: ȡ(5/10)
2018-11-25 18:00:17: ⣺ ԭ ιιιһſдд
2018-11-25 18:00:17: ʱ䣺 20181115
2018-11-25 18:00:17: ַ http://mp.weixin.qq.com/s?timestamp=1543139940&src=3&ver=1&signature=*KiPLjvMx1mnnaOW1cc6SN6rf14EhBjEW0V5HplMqxeWcgdO*pu1qUuYBMzksqH5xgsMa1jqtJaEufTaWepW0Valg82gphoBx6gMlxviXgwSxTIes9w2IcJ0M*wk1XLMIr6qddAYTQQ7LXZp22kISHU*Rjpsmm4NP72f6aYtysM=
2018-11-25 18:00:24: ɹ
2018-11-25 18:00:24: 
2018-11-25 18:00:24: ȡ(6/10)
2018-11-25 18:00:24: ⣺ ʹϵ˶ƫ̻㣬
2018-11-25 18:00:24: ʱ䣺 20181117
2018-11-25 18:00:24: ַ http://mp.weixin.qq.com/s?timestamp=1543139940&src=3&ver=1&signature=*KiPLjvMx1mnnaOW1cc6SN6rf14EhBjEW0V5HplMqxeWcgdO*pu1qUuYBMzksqH5xgsMa1jqtJaEufTaWepW0eRm2Il5GJ458kQi1gTQa-i1CWVANIMEq-899n64mcD7vsPJWgFfENTZkJHnxX2w34mqg-GuquuyP7ZWJrHX2vE=
2018-11-25 18:00:38: ɹ
2018-11-25 18:00:38: 
2018-11-25 18:00:38: ȡ(7/10)
2018-11-25 18:00:38: ⣺ γɳҪ?
2018-11-25 18:00:38: ʱ䣺 20181118
2018-11-25 18:00:38: ַ http://mp.weixin.qq.com/s?timestamp=1543139940&src=3&ver=1&signature=*KiPLjvMx1mnnaOW1cc6SN6rf14EhBjEW0V5HplMqxeWcgdO*pu1qUuYBMzksqH5xgsMa1jqtJaEufTaWepW0d86VXG3ParIvc9QONs48vDihQuxuVOOqeEf6nTSpqTs-Md38Wn4Sy7bTDwzPK2AU9gpFv*MoyltYhT*Pic10ls=
2018-11-25 18:01:09: ɹ
2018-11-25 18:01:09: 
2018-11-25 18:01:09: ȡ(8/10)
2018-11-25 18:01:09: ⣺ ʮһǲ
2018-11-25 18:01:09: ʱ䣺 20181120
2018-11-25 18:01:09: ַ http://mp.weixin.qq.com/s?timestamp=1543139940&src=3&ver=1&signature=*KiPLjvMx1mnnaOW1cc6SN6rf14EhBjEW0V5HplMqxeWcgdO*pu1qUuYBMzksqH5xgsMa1jqtJaEufTaWepW0V7pGT2D1EosVleo2MtZi*oSik9AStwFncDNIdTLJzjMv8fXGb8QD*4Bpn0Svx5x*tsjClLf*zwB3I201K3bsVs=
2018-11-25 19:52:32: ںIDΪdglgtw
2018-11-25 19:52:35: ںƣݸ
2018-11-25 19:52:35: ںurlhttp://mp.weixin.qq.com/profile?src=3&timestamp=1543146755&ver=1&signature=hDj04Y3QJZW7XJDcdLikHSJ1uDXa0SJERiybkuBSBHb6rzGkH*-fXJ6wM9QcqQRs-eZh94SajRvgh6W39ezzdg==
2018-11-25 19:52:42: ץ10ƪ
2018-11-25 19:52:42: 
2018-11-25 19:52:42: ȡ(1/10)
2018-11-25 19:52:42: ⣺ Ҳ볢 ʧȥζ
2018-11-25 19:52:42: ʱ䣺 2018119
2018-11-25 19:52:42: ַ http://mp.weixin.qq.com/s?timestamp=1543146758&src=3&ver=1&signature=A9KNFqZvT5evCmqVhRPaq1b-8V0spgarjFq-fNbVQmkrXIrUF8Jv7AOsKzUZ0nP*vBouLkPZsiiTssOZ1k0wFRorPy-Hw7YktLs-6G0Tj3wH7VQnbL*UK8ep4748YOEmJQmcunSMkyf2MyrJAGFVwi9M2qrQ4PW*1Xwg6mxxlBs=
2018-11-25 19:53:05: ɹ
2018-11-25 19:53:05: 
2018-11-25 19:53:05: ȡ(2/10)
2018-11-25 19:53:05: ⣺ ص٣һ
2018-11-25 19:53:05: ʱ䣺 20181111
2018-11-25 19:53:05: ַ http://mp.weixin.qq.com/s?timestamp=1543146758&src=3&ver=1&signature=A9KNFqZvT5evCmqVhRPaq1b-8V0spgarjFq-fNbVQmkrXIrUF8Jv7AOsKzUZ0nP*vBouLkPZsiiTssOZ1k0wFbLxQ8hg29heI-bJ9GurSIm-82krNHpoZFSWabwnzHkKgZIA6PN362aGUedPf0Wu0sbIem1-M68hWRb-V8HkuQA=
2018-11-25 20:37:22: ںIDΪdglgtw
2018-11-25 20:37:23: ںƣݸ
2018-11-25 20:37:23: ںurlhttp://mp.weixin.qq.com/profile?src=3&timestamp=1543149443&ver=1&signature=hDj04Y3QJZW7XJDcdLikHSJ1uDXa0SJERiybkuBSBHb6rzGkH*-fXJ6wM9QcqQRsPvkG0M2h2CRDh9Qbjvd5zg==
2018-11-25 20:37:29: ץ10ƪ
2018-11-25 20:37:29: 
2018-11-25 20:37:29: ȡ(1/10)
2018-11-25 20:37:29: ⣺ Ҳ볢 ʧȥζ
2018-11-25 20:37:29: ʱ䣺 2018119
2018-11-25 20:37:29: ַ http://mp.weixin.qq.com/s?timestamp=1543149446&src=3&ver=1&signature=A9KNFqZvT5evCmqVhRPaq*LePbv3kSqQBgRh53O-pkHLAyvo98bDuyAQeLkzYoH9Or9*5y*53sQv0GRoxb3amAog4ccGaXE7*J*Ep02yBjBvOSOz5EewMoqRO0qHM6AvcelC954dIzURe*LeLASsJ4tOxJ4F6JRqL0Qe4b4Z8pM=
2018-11-25 20:37:47: ɹ
2018-11-25 20:37:47: 
2018-11-25 20:37:47: ȡ(2/10)
2018-11-25 20:37:47: ⣺ ص٣һ
2018-11-25 20:37:47: ʱ䣺 20181111
2018-11-25 20:37:47: ַ http://mp.weixin.qq.com/s?timestamp=1543149446&src=3&ver=1&signature=A9KNFqZvT5evCmqVhRPaq*LePbv3kSqQBgRh53O-pkHLAyvo98bDuyAQeLkzYoH9Or9*5y*53sQv0GRoxb3amPf0FUyNYn8hmCr-PEy-GYmxuHp3H205bB9KhoNv5-BEbWHBaYDKbt1AMZl73r8NviumENOlPS6d-TuyLv0-8Dk=
2018-11-25 20:38:10: ɹ
2018-11-25 20:38:10: 
2018-11-25 20:38:10: ȡ(3/10)
2018-11-25 20:38:10: ⣺ ԭ Ҫҡ858ȥݸУŮ
2018-11-25 20:38:10: ʱ䣺 20181112
2018-11-25 20:38:10: ַ http://mp.weixin.qq.com/s?timestamp=1543149446&src=3&ver=1&signature=A9KNFqZvT5evCmqVhRPaq*LePbv3kSqQBgRh53O-pkHLAyvo98bDuyAQeLkzYoH9Or9*5y*53sQv0GRoxb3amGglM8NdzQ671QgT5BJuBFLSuIIcTfpJkNMfz52O13ZyYI3S2F*m2Z4J5qoga3D-8P7KiFsNyFy-dB2lIdQipoM=
2018-11-25 20:38:28: ɹ
2018-11-25 20:38:28: 
2018-11-25 20:38:28: ȡ(4/10)
2018-11-25 20:38:28: ⣺ ذ | УרҵȫTOP100
2018-11-25 20:38:28: ʱ䣺 20181113
2018-11-25 20:38:28: ַ http://mp.weixin.qq.com/s?timestamp=1543149446&src=3&ver=1&signature=A9KNFqZvT5evCmqVhRPaq*LePbv3kSqQBgRh53O-pkHLAyvo98bDuyAQeLkzYoH9Or9*5y*53sQv0GRoxb3amEeJe3XuM-iy41YIfwH41NkRK74WiCl8I1kbEHfB-rDbmt0sYOnHA74yPz97k0cNPC-CPhkRTDU29uiCtTyhtns=
